RunSkimmerLocal.py START
args =  Namespace(dataStream='', era='UL2018', inputNanoAOD='root://cms-xrd-global.cern.ch//store/mc/RunIISummer20UL18NanoAODv9/DYJetsToLL_1J_TuneCP5_13TeV-amcatnloFXFX-pythia8/NANOAODSIM/106X_upgrade2018_realistic_v16_L1v1-v1/280000/54F7975D-8930-514F-BDCB-AE0D2676BD02.root', isMC=1, outDir='gsidcap://cluster142.knu.ac.kr//pnfs/knu.ac.kr/data/cms/store/user/yeonjoon/outtree/DYJetsToLL_1J_TuneCP5_13TeV-amcatnloFXFX-pythia8')
era  =  UL2018
isMC =  1
dataStream =  
NanoAOD =  root://cms-xrd-global.cern.ch//store/mc/RunIISummer20UL18NanoAODv9/DYJetsToLL_1J_TuneCP5_13TeV-amcatnloFXFX-pythia8/NANOAODSIM/106X_upgrade2018_realistic_v16_L1v1-v1/280000/54F7975D-8930-514F-BDCB-AE0D2676BD02.root
isDoubleElecData =  False
isDoubleMuonData =  False
JEC : Summer19UL18_V5_MC	 JER : Summer19UL18_JRV2_MC
MET branch : MET
Loading C++ helper from /u/user/yeonjoon/working_dir/PileUpJetIDSF/CMSSW_10_6_30/src/PUjetID/Skimmer/data/muon/roccor.Run2.v5/RoccoR.cc
Use muon pt with rochester corrections applied. Branch:corrected_pt


Just printout what we will give to the PostProcessor
JSON      :  None
SELECTION :  ((nMuon>=2 && Sum$(Muon_pt>15.)>=1) || (nElectron>=2 && Sum$(Electron_pt>20.)>=1)) && (nJet>=1) && (Alt$(HLT_Mu17_TrkIsoVVL_Mu8_TrkIsoVVL_DZ_Mass3p8,0) || Alt$(HLT_Ele23_Ele12_CaloIdL_TrackIdL_IsoVL,0))
MODULES   :  [<PhysicsTools.NanoAODTools.postprocessing.modules.common.puWeightProducer.puWeightProducer object at 0x2ab0f3e9ac10>, <PUjetID.Skimmer.MuonRocCorrProducer.MuonRocCorrProducer object at 0x2ab0f3eb4cd0>, <PhysicsTools.NanoAODTools.postprocessing.modules.jme.jetmetUncertainties.jetmetUncertaintiesProducer object at 0x2ab0f3eb8450>, <PUjetID.Skimmer.SkimmerDiLepton.SkimmerDiLepton object at 0x2ab0fd7d2f50>]
Will write selected trees to gsidcap://cluster142.knu.ac.kr//pnfs/knu.ac.kr/data/cms/store/user/yeonjoon/outtree/DYJetsToLL_1J_TuneCP5_13TeV-amcatnloFXFX-pythia8
Loading jet energy scale (JES) uncertainties from file '/tmp/tmpY595bT/Summer19UL18_V5_MC_Uncertainty_AK4PFchs.txt'
Loading jet energy resolutions (JER) from file '/tmp/tmpCZ4953/Summer19UL18_JRV2_MC_PtResolution_AK4PFchs.txt'
Loading JER scale factors and uncertainties from file '/tmp/tmpCZ4953/Summer19UL18_JRV2_MC_SF_AK4PFchs.txt'
Filename root://cms-xrd-global.cern.ch//store/mc/RunIISummer20UL18NanoAODv9/DYJetsToLL_1J_TuneCP5_13TeV-amcatnloFXFX-pythia8/NANOAODSIM/106X_upgrade2018_realistic_v16_L1v1-v1/280000/54F7975D-8930-514F-BDCB-AE0D2676BD02.root is remote, will do a copy to local path /tmp/54F7975D-8930-514F-BDCB-AE0D2676BD02-fd37b56c364143b3.root
Time used for transferring the file locally: 429.56 s
Pre-select 330689 entries out of 1129563 (29.28%)
nanoAODv5 or higher: True
Processed    10000/  330689 entries,  3.02% (elapsed time   125.5s, curr speed    0.080 kHz, avg speed    0.080 kHz), accepted     5083/   10001 events (50.82%)
Processed    20000/  330689 entries,  6.05% (elapsed time   259.4s, curr speed    0.075 kHz, avg speed    0.077 kHz), accepted    10146/   20001 events (50.73%)
Processed    30000/  330689 entries,  9.07% (elapsed time   388.3s, curr speed    0.078 kHz, avg speed    0.077 kHz), accepted    15220/   30001 events (50.73%)
Processed    40000/  330689 entries, 12.10% (elapsed time   527.0s, curr speed    0.072 kHz, avg speed    0.076 kHz), accepted    20296/   40001 events (50.74%)
Processed    50000/  330689 entries, 15.12% (elapsed time   668.9s, curr speed    0.070 kHz, avg speed    0.075 kHz), accepted    25398/   50001 events (50.79%)
Processed    60000/  330689 entries, 18.14% (elapsed time   800.7s, curr speed    0.076 kHz, avg speed    0.075 kHz), accepted    30573/   60001 events (50.95%)
Processed    70000/  330689 entries, 21.17% (elapsed time   938.1s, curr speed    0.073 kHz, avg speed    0.075 kHz), accepted    35724/   70001 events (51.03%)
Processed    80000/  330689 entries, 24.19% (elapsed time  1077.9s, curr speed    0.072 kHz, avg speed    0.074 kHz), accepted    40803/   80001 events (51.00%)
Processed    90000/  330689 entries, 27.22% (elapsed time  1211.2s, curr speed    0.075 kHz, avg speed    0.074 kHz), accepted    45885/   90001 events (50.98%)
Processed   100000/  330689 entries, 30.24% (elapsed time  1342.9s, curr speed    0.076 kHz, avg speed    0.074 kHz), accepted    51087/  100001 events (51.09%)
Processed   110000/  330689 entries, 33.26% (elapsed time  1478.6s, curr speed    0.074 kHz, avg speed    0.074 kHz), accepted    56173/  110001 events (51.07%)
Processed   120000/  330689 entries, 36.29% (elapsed time  1611.5s, curr speed    0.075 kHz, avg speed    0.074 kHz), accepted    61317/  120001 events (51.10%)
Processed   130000/  330689 entries, 39.31% (elapsed time  1754.5s, curr speed    0.070 kHz, avg speed    0.074 kHz), accepted    66373/  130001 events (51.06%)
Processed   140000/  330689 entries, 42.34% (elapsed time  1891.6s, curr speed    0.073 kHz, avg speed    0.074 kHz), accepted    71520/  140001 events (51.09%)
Processed   150000/  330689 entries, 45.36% (elapsed time  2029.4s, curr speed    0.073 kHz, avg speed    0.074 kHz), accepted    76575/  150001 events (51.05%)
Processed   160000/  330689 entries, 48.38% (elapsed time  2165.4s, curr speed    0.074 kHz, avg speed    0.074 kHz), accepted    81632/  160001 events (51.02%)
Processed   170000/  330689 entries, 51.41% (elapsed time  2300.2s, curr speed    0.074 kHz, avg speed    0.074 kHz), accepted    86722/  170001 events (51.01%)
Processed   180000/  330689 entries, 54.43% (elapsed time  2439.2s, curr speed    0.072 kHz, avg speed    0.074 kHz), accepted    91827/  180001 events (51.01%)
Processed   190000/  330689 entries, 57.46% (elapsed time  2568.6s, curr speed    0.077 kHz, avg speed    0.074 kHz), accepted    96932/  190001 events (51.02%)
Processed   200000/  330689 entries, 60.48% (elapsed time  2693.1s, curr speed    0.080 kHz, avg speed    0.074 kHz), accepted   101977/  200001 events (50.99%)
Processed   210000/  330689 entries, 63.50% (elapsed time  2825.8s, curr speed    0.075 kHz, avg speed    0.074 kHz), accepted   107095/  210001 events (51.00%)
Processed   220000/  330689 entries, 66.53% (elapsed time  2957.0s, curr speed    0.076 kHz, avg speed    0.074 kHz), accepted   112090/  220001 events (50.95%)
Processed   230000/  330689 entries, 69.55% (elapsed time  3087.5s, curr speed    0.077 kHz, avg speed    0.074 kHz), accepted   117214/  230001 events (50.96%)
Processed   240000/  330689 entries, 72.58% (elapsed time  3223.8s, curr speed    0.073 kHz, avg speed    0.074 kHz), accepted   122312/  240001 events (50.96%)
Processed   250000/  330689 entries, 75.60% (elapsed time  3355.3s, curr speed    0.076 kHz, avg speed    0.075 kHz), accepted   127405/  250001 events (50.96%)
Processed   260000/  330689 entries, 78.62% (elapsed time  3492.6s, curr speed    0.073 kHz, avg speed    0.074 kHz), accepted   132557/  260001 events (50.98%)
Processed   270000/  330689 entries, 81.65% (elapsed time  3626.6s, curr speed    0.075 kHz, avg speed    0.074 kHz), accepted   137635/  270001 events (50.98%)
Processed   280000/  330689 entries, 84.67% (elapsed time  3761.4s, curr speed    0.074 kHz, avg speed    0.074 kHz), accepted   142635/  280001 events (50.94%)
Processed   290000/  330689 entries, 87.70% (elapsed time  3896.1s, curr speed    0.074 kHz, avg speed    0.074 kHz), accepted   147803/  290001 events (50.97%)
Processed   300000/  330689 entries, 90.72% (elapsed time  4036.0s, curr speed    0.071 kHz, avg speed    0.074 kHz), accepted   152893/  300001 events (50.96%)
Processed   310000/  330689 entries, 93.74% (elapsed time  4167.8s, curr speed    0.076 kHz, avg speed    0.074 kHz), accepted   158122/  310001 events (51.01%)
Processed   320000/  330689 entries, 96.77% (elapsed time  4302.8s, curr speed    0.074 kHz, avg speed    0.074 kHz), accepted   163188/  320001 events (51.00%)
Processed   330000/  330689 entries, 99.79% (elapsed time  4438.3s, curr speed    0.074 kHz, avg speed    0.074 kHz), accepted   168261/  330001 events (50.99%)
File closed successfully
Processed 330689 preselected entries from root://cms-xrd-global.cern.ch//store/mc/RunIISummer20UL18NanoAODv9/DYJetsToLL_1J_TuneCP5_13TeV-amcatnloFXFX-pythia8/NANOAODSIM/106X_upgrade2018_realistic_v16_L1v1-v1/280000/54F7975D-8930-514F-BDCB-AE0D2676BD02.root (1129563 entries). Finally selected 168623 entries
Done gsidcap://cluster142.knu.ac.kr//pnfs/knu.ac.kr/data/cms/store/user/yeonjoon/outtree/DYJetsToLL_1J_TuneCP5_13TeV-amcatnloFXFX-pythia8/54F7975D-8930-514F-BDCB-AE0D2676BD02_Skim.root
SkimmerDiLepton module ended successfully
Total time 5112.5 sec. to process 1129563 events. Rate = 220.9 Hz.
RunSkimmerCondor.py DONE
