RunSkimmerLocal.py START
args =  Namespace(dataStream='', era='UL2018', inputNanoAOD='root://cms-xrd-global.cern.ch//store/mc/RunIISummer20UL18NanoAODv9/DYJetsToLL_1J_TuneCP5_13TeV-amcatnloFXFX-pythia8/NANOAODSIM/106X_upgrade2018_realistic_v16_L1v1-v1/130000/3AE15717-E62A-7A45-B62C-729FD1F7A65A.root', isMC=1, outDir='gsidcap://cluster142.knu.ac.kr//pnfs/knu.ac.kr/data/cms/store/user/yeonjoon/outtree/DYJetsToLL_1J_TuneCP5_13TeV-amcatnloFXFX-pythia8')
era  =  UL2018
isMC =  1
dataStream =  
NanoAOD =  root://cms-xrd-global.cern.ch//store/mc/RunIISummer20UL18NanoAODv9/DYJetsToLL_1J_TuneCP5_13TeV-amcatnloFXFX-pythia8/NANOAODSIM/106X_upgrade2018_realistic_v16_L1v1-v1/130000/3AE15717-E62A-7A45-B62C-729FD1F7A65A.root
isDoubleElecData =  False
isDoubleMuonData =  False
JEC : Summer19UL18_V5_MC	 JER : Summer19UL18_JRV2_MC
MET branch : MET
Loading C++ helper from /u/user/yeonjoon/working_dir/PileUpJetIDSF/CMSSW_10_6_30/src/PUjetID/Skimmer/data/muon/roccor.Run2.v5/RoccoR.cc
Use muon pt with rochester corrections applied. Branch:corrected_pt


Just printout what we will give to the PostProcessor
JSON      :  None
SELECTION :  ((nMuon>=2 && Sum$(Muon_pt>15.)>=1) || (nElectron>=2 && Sum$(Electron_pt>20.)>=1)) && (nJet>=1) && (Alt$(HLT_Mu17_TrkIsoVVL_Mu8_TrkIsoVVL_DZ_Mass3p8,0) || Alt$(HLT_Ele23_Ele12_CaloIdL_TrackIdL_IsoVL,0))
MODULES   :  [<PhysicsTools.NanoAODTools.postprocessing.modules.common.puWeightProducer.puWeightProducer object at 0x2ae686226c90>, <PUjetID.Skimmer.MuonRocCorrProducer.MuonRocCorrProducer object at 0x2ae686240d50>, <PhysicsTools.NanoAODTools.postprocessing.modules.jme.jetmetUncertainties.jetmetUncertaintiesProducer object at 0x2ae6862444d0>, <PUjetID.Skimmer.SkimmerDiLepton.SkimmerDiLepton object at 0x2ae68fb5dfd0>]
Will write selected trees to gsidcap://cluster142.knu.ac.kr//pnfs/knu.ac.kr/data/cms/store/user/yeonjoon/outtree/DYJetsToLL_1J_TuneCP5_13TeV-amcatnloFXFX-pythia8
Loading jet energy scale (JES) uncertainties from file '/tmp/tmpCCmIOb/Summer19UL18_V5_MC_Uncertainty_AK4PFchs.txt'
Loading jet energy resolutions (JER) from file '/tmp/tmperC2uf/Summer19UL18_JRV2_MC_PtResolution_AK4PFchs.txt'
Loading JER scale factors and uncertainties from file '/tmp/tmperC2uf/Summer19UL18_JRV2_MC_SF_AK4PFchs.txt'
Filename root://cms-xrd-global.cern.ch//store/mc/RunIISummer20UL18NanoAODv9/DYJetsToLL_1J_TuneCP5_13TeV-amcatnloFXFX-pythia8/NANOAODSIM/106X_upgrade2018_realistic_v16_L1v1-v1/130000/3AE15717-E62A-7A45-B62C-729FD1F7A65A.root is remote, will do a copy to local path /tmp/3AE15717-E62A-7A45-B62C-729FD1F7A65A-2e3b5cea62ca051.root
Time used for transferring the file locally: 464.24 s
Pre-select 271146 entries out of 926389 (29.27%)
nanoAODv5 or higher: True
Processed    10000/  271146 entries,  3.69% (elapsed time   113.2s, curr speed    0.088 kHz, avg speed    0.088 kHz), accepted     5084/   10001 events (50.83%)
Processed    20000/  271146 entries,  7.38% (elapsed time   237.0s, curr speed    0.081 kHz, avg speed    0.084 kHz), accepted    10110/   20001 events (50.55%)
Processed    30000/  271146 entries, 11.06% (elapsed time   364.7s, curr speed    0.078 kHz, avg speed    0.082 kHz), accepted    15147/   30001 events (50.49%)
Processed    40000/  271146 entries, 14.75% (elapsed time   495.4s, curr speed    0.077 kHz, avg speed    0.081 kHz), accepted    20201/   40001 events (50.50%)
Processed    50000/  271146 entries, 18.44% (elapsed time   627.1s, curr speed    0.076 kHz, avg speed    0.080 kHz), accepted    25299/   50001 events (50.60%)
Processed    60000/  271146 entries, 22.13% (elapsed time   756.1s, curr speed    0.077 kHz, avg speed    0.079 kHz), accepted    30390/   60001 events (50.65%)
Processed    70000/  271146 entries, 25.82% (elapsed time   888.6s, curr speed    0.075 kHz, avg speed    0.079 kHz), accepted    35509/   70001 events (50.73%)
Processed    80000/  271146 entries, 29.50% (elapsed time  1014.9s, curr speed    0.079 kHz, avg speed    0.079 kHz), accepted    40542/   80001 events (50.68%)
Processed    90000/  271146 entries, 33.19% (elapsed time  1140.4s, curr speed    0.080 kHz, avg speed    0.079 kHz), accepted    45586/   90001 events (50.65%)
Processed   100000/  271146 entries, 36.88% (elapsed time  1265.2s, curr speed    0.080 kHz, avg speed    0.079 kHz), accepted    50643/  100001 events (50.64%)
Processed   110000/  271146 entries, 40.57% (elapsed time  1390.8s, curr speed    0.080 kHz, avg speed    0.079 kHz), accepted    55662/  110001 events (50.60%)
Processed   120000/  271146 entries, 44.26% (elapsed time  1522.7s, curr speed    0.076 kHz, avg speed    0.079 kHz), accepted    60800/  120001 events (50.67%)
Processed   130000/  271146 entries, 47.94% (elapsed time  1655.0s, curr speed    0.076 kHz, avg speed    0.079 kHz), accepted    65903/  130001 events (50.69%)
Processed   140000/  271146 entries, 51.63% (elapsed time  1782.2s, curr speed    0.079 kHz, avg speed    0.079 kHz), accepted    70955/  140001 events (50.68%)
Processed   150000/  271146 entries, 55.32% (elapsed time  1912.1s, curr speed    0.077 kHz, avg speed    0.078 kHz), accepted    76049/  150001 events (50.70%)
Processed   160000/  271146 entries, 59.01% (elapsed time  2045.9s, curr speed    0.075 kHz, avg speed    0.078 kHz), accepted    81129/  160001 events (50.71%)
Processed   170000/  271146 entries, 62.70% (elapsed time  2174.2s, curr speed    0.078 kHz, avg speed    0.078 kHz), accepted    86246/  170001 events (50.73%)
Processed   180000/  271146 entries, 66.38% (elapsed time  2307.9s, curr speed    0.075 kHz, avg speed    0.078 kHz), accepted    91331/  180001 events (50.74%)
Processed   190000/  271146 entries, 70.07% (elapsed time  2442.3s, curr speed    0.074 kHz, avg speed    0.078 kHz), accepted    96425/  190001 events (50.75%)
Processed   200000/  271146 entries, 73.76% (elapsed time  2570.5s, curr speed    0.078 kHz, avg speed    0.078 kHz), accepted   101527/  200001 events (50.76%)
Processed   210000/  271146 entries, 77.45% (elapsed time  2701.1s, curr speed    0.077 kHz, avg speed    0.078 kHz), accepted   106597/  210001 events (50.76%)
Processed   220000/  271146 entries, 81.14% (elapsed time  2833.6s, curr speed    0.075 kHz, avg speed    0.078 kHz), accepted   111702/  220001 events (50.77%)
Processed   230000/  271146 entries, 84.83% (elapsed time  2962.9s, curr speed    0.077 kHz, avg speed    0.078 kHz), accepted   116858/  230001 events (50.81%)
Processed   240000/  271146 entries, 88.51% (elapsed time  3090.6s, curr speed    0.078 kHz, avg speed    0.078 kHz), accepted   121921/  240001 events (50.80%)
Processed   250000/  271146 entries, 92.20% (elapsed time  3216.7s, curr speed    0.079 kHz, avg speed    0.078 kHz), accepted   126959/  250001 events (50.78%)
Processed   260000/  271146 entries, 95.89% (elapsed time  3349.2s, curr speed    0.075 kHz, avg speed    0.078 kHz), accepted   132159/  260001 events (50.83%)
Processed   270000/  271146 entries, 99.58% (elapsed time  3479.6s, curr speed    0.077 kHz, avg speed    0.078 kHz), accepted   137201/  270001 events (50.81%)
File closed successfully
Processed 271146 preselected entries from root://cms-xrd-global.cern.ch//store/mc/RunIISummer20UL18NanoAODv9/DYJetsToLL_1J_TuneCP5_13TeV-amcatnloFXFX-pythia8/NANOAODSIM/106X_upgrade2018_realistic_v16_L1v1-v1/130000/3AE15717-E62A-7A45-B62C-729FD1F7A65A.root (926389 entries). Finally selected 137781 entries
Done gsidcap://cluster142.knu.ac.kr//pnfs/knu.ac.kr/data/cms/store/user/yeonjoon/outtree/DYJetsToLL_1J_TuneCP5_13TeV-amcatnloFXFX-pythia8/3AE15717-E62A-7A45-B62C-729FD1F7A65A_Skim.root
SkimmerDiLepton module ended successfully
Total time 4108.7 sec. to process 926389 events. Rate = 225.5 Hz.
RunSkimmerCondor.py DONE
