RunSkimmerLocal.py START
args =  Namespace(dataStream='', era='UL2018', inputNanoAOD='root://cms-xrd-global.cern.ch//store/mc/RunIISummer20UL18NanoAODv9/DYJetsToLL_1J_TuneCP5_13TeV-amcatnloFXFX-pythia8/NANOAODSIM/106X_upgrade2018_realistic_v16_L1v1-v1/280000/A71ADA1C-79B6-8043-9D40-FB989079345A.root', isMC=1, outDir='gsidcap://cluster142.knu.ac.kr//pnfs/knu.ac.kr/data/cms/store/user/yeonjoon/outtree/DYJetsToLL_1J_TuneCP5_13TeV-amcatnloFXFX-pythia8')
era  =  UL2018
isMC =  1
dataStream =  
NanoAOD =  root://cms-xrd-global.cern.ch//store/mc/RunIISummer20UL18NanoAODv9/DYJetsToLL_1J_TuneCP5_13TeV-amcatnloFXFX-pythia8/NANOAODSIM/106X_upgrade2018_realistic_v16_L1v1-v1/280000/A71ADA1C-79B6-8043-9D40-FB989079345A.root
isDoubleElecData =  False
isDoubleMuonData =  False
JEC : Summer19UL18_V5_MC	 JER : Summer19UL18_JRV2_MC
MET branch : MET
Loading C++ helper from /u/user/yeonjoon/working_dir/PileUpJetIDSF/CMSSW_10_6_30/src/PUjetID/Skimmer/data/muon/roccor.Run2.v5/RoccoR.cc
Use muon pt with rochester corrections applied. Branch:corrected_pt


Just printout what we will give to the PostProcessor
JSON      :  None
SELECTION :  ((nMuon>=2 && Sum$(Muon_pt>15.)>=1) || (nElectron>=2 && Sum$(Electron_pt>20.)>=1)) && (nJet>=1) && (Alt$(HLT_Mu17_TrkIsoVVL_Mu8_TrkIsoVVL_DZ_Mass3p8,0) || Alt$(HLT_Ele23_Ele12_CaloIdL_TrackIdL_IsoVL,0))
MODULES   :  [<PhysicsTools.NanoAODTools.postprocessing.modules.common.puWeightProducer.puWeightProducer object at 0x2b5ad00c0c10>, <PUjetID.Skimmer.MuonRocCorrProducer.MuonRocCorrProducer object at 0x2b5ad00dacd0>, <PhysicsTools.NanoAODTools.postprocessing.modules.jme.jetmetUncertainties.jetmetUncertaintiesProducer object at 0x2b5ad00de450>, <PUjetID.Skimmer.SkimmerDiLepton.SkimmerDiLepton object at 0x2b5ad59b6f50>]
Will write selected trees to gsidcap://cluster142.knu.ac.kr//pnfs/knu.ac.kr/data/cms/store/user/yeonjoon/outtree/DYJetsToLL_1J_TuneCP5_13TeV-amcatnloFXFX-pythia8
Loading jet energy scale (JES) uncertainties from file '/tmp/tmpnqXvHH/Summer19UL18_V5_MC_Uncertainty_AK4PFchs.txt'
Loading jet energy resolutions (JER) from file '/tmp/tmp050uXj/Summer19UL18_JRV2_MC_PtResolution_AK4PFchs.txt'
Loading JER scale factors and uncertainties from file '/tmp/tmp050uXj/Summer19UL18_JRV2_MC_SF_AK4PFchs.txt'
Filename root://cms-xrd-global.cern.ch//store/mc/RunIISummer20UL18NanoAODv9/DYJetsToLL_1J_TuneCP5_13TeV-amcatnloFXFX-pythia8/NANOAODSIM/106X_upgrade2018_realistic_v16_L1v1-v1/280000/A71ADA1C-79B6-8043-9D40-FB989079345A.root is remote, will do a copy to local path /tmp/A71ADA1C-79B6-8043-9D40-FB989079345A-5d4cab2add3b19f.root
Time used for transferring the file locally: 770.21 s
Pre-select 292362 entries out of 997138 (29.32%)
nanoAODv5 or higher: True
Processed    10000/  292362 entries,  3.42% (elapsed time   134.2s, curr speed    0.075 kHz, avg speed    0.075 kHz), accepted     5137/   10001 events (51.36%)
Processed    20000/  292362 entries,  6.84% (elapsed time   274.0s, curr speed    0.072 kHz, avg speed    0.073 kHz), accepted    10289/   20001 events (51.44%)
Processed    30000/  292362 entries, 10.26% (elapsed time   410.2s, curr speed    0.073 kHz, avg speed    0.073 kHz), accepted    15407/   30001 events (51.35%)
Processed    40000/  292362 entries, 13.68% (elapsed time   553.2s, curr speed    0.070 kHz, avg speed    0.072 kHz), accepted    20535/   40001 events (51.34%)
Processed    50000/  292362 entries, 17.10% (elapsed time   697.2s, curr speed    0.069 kHz, avg speed    0.072 kHz), accepted    25683/   50001 events (51.36%)
Processed    60000/  292362 entries, 20.52% (elapsed time   839.9s, curr speed    0.070 kHz, avg speed    0.071 kHz), accepted    30788/   60001 events (51.31%)
Processed    70000/  292362 entries, 23.94% (elapsed time   975.9s, curr speed    0.074 kHz, avg speed    0.072 kHz), accepted    35866/   70001 events (51.24%)
Processed    80000/  292362 entries, 27.36% (elapsed time  1109.3s, curr speed    0.075 kHz, avg speed    0.072 kHz), accepted    40926/   80001 events (51.16%)
Processed    90000/  292362 entries, 30.78% (elapsed time  1243.6s, curr speed    0.074 kHz, avg speed    0.072 kHz), accepted    45999/   90001 events (51.11%)
Processed   100000/  292362 entries, 34.20% (elapsed time  1386.1s, curr speed    0.070 kHz, avg speed    0.072 kHz), accepted    51119/  100001 events (51.12%)
Processed   110000/  292362 entries, 37.62% (elapsed time  1529.5s, curr speed    0.070 kHz, avg speed    0.072 kHz), accepted    56318/  110001 events (51.20%)
Processed   120000/  292362 entries, 41.05% (elapsed time  1664.7s, curr speed    0.074 kHz, avg speed    0.072 kHz), accepted    61430/  120001 events (51.19%)
Processed   130000/  292362 entries, 44.47% (elapsed time  1803.9s, curr speed    0.072 kHz, avg speed    0.072 kHz), accepted    66536/  130001 events (51.18%)
Processed   140000/  292362 entries, 47.89% (elapsed time  1939.0s, curr speed    0.074 kHz, avg speed    0.072 kHz), accepted    71569/  140001 events (51.12%)
Processed   150000/  292362 entries, 51.31% (elapsed time  2082.1s, curr speed    0.070 kHz, avg speed    0.072 kHz), accepted    76639/  150001 events (51.09%)
Processed   160000/  292362 entries, 54.73% (elapsed time  2216.0s, curr speed    0.075 kHz, avg speed    0.072 kHz), accepted    81774/  160001 events (51.11%)
Processed   170000/  292362 entries, 58.15% (elapsed time  2345.5s, curr speed    0.077 kHz, avg speed    0.072 kHz), accepted    86851/  170001 events (51.09%)
Processed   180000/  292362 entries, 61.57% (elapsed time  2481.7s, curr speed    0.073 kHz, avg speed    0.073 kHz), accepted    91992/  180001 events (51.11%)
Processed   190000/  292362 entries, 64.99% (elapsed time  2621.9s, curr speed    0.071 kHz, avg speed    0.072 kHz), accepted    97121/  190001 events (51.12%)
Processed   200000/  292362 entries, 68.41% (elapsed time  2752.9s, curr speed    0.076 kHz, avg speed    0.073 kHz), accepted   102159/  200001 events (51.08%)
Processed   210000/  292362 entries, 71.83% (elapsed time  2883.1s, curr speed    0.077 kHz, avg speed    0.073 kHz), accepted   107259/  210001 events (51.08%)
Processed   220000/  292362 entries, 75.25% (elapsed time  3021.5s, curr speed    0.072 kHz, avg speed    0.073 kHz), accepted   112358/  220001 events (51.07%)
Processed   230000/  292362 entries, 78.67% (elapsed time  3156.4s, curr speed    0.074 kHz, avg speed    0.073 kHz), accepted   117492/  230001 events (51.08%)
Processed   240000/  292362 entries, 82.09% (elapsed time  3298.0s, curr speed    0.071 kHz, avg speed    0.073 kHz), accepted   122613/  240001 events (51.09%)
Processed   250000/  292362 entries, 85.51% (elapsed time  3435.8s, curr speed    0.073 kHz, avg speed    0.073 kHz), accepted   127652/  250001 events (51.06%)
Processed   260000/  292362 entries, 88.93% (elapsed time  3571.5s, curr speed    0.074 kHz, avg speed    0.073 kHz), accepted   132716/  260001 events (51.04%)
Processed   270000/  292362 entries, 92.35% (elapsed time  3708.8s, curr speed    0.073 kHz, avg speed    0.073 kHz), accepted   137767/  270001 events (51.02%)
Processed   280000/  292362 entries, 95.77% (elapsed time  3841.4s, curr speed    0.075 kHz, avg speed    0.073 kHz), accepted   142906/  280001 events (51.04%)
Processed   290000/  292362 entries, 99.19% (elapsed time  3978.5s, curr speed    0.073 kHz, avg speed    0.073 kHz), accepted   148035/  290001 events (51.05%)
File closed successfully
Processed 292362 preselected entries from root://cms-xrd-global.cern.ch//store/mc/RunIISummer20UL18NanoAODv9/DYJetsToLL_1J_TuneCP5_13TeV-amcatnloFXFX-pythia8/NANOAODSIM/106X_upgrade2018_realistic_v16_L1v1-v1/280000/A71ADA1C-79B6-8043-9D40-FB989079345A.root (997138 entries). Finally selected 149259 entries
Done gsidcap://cluster142.knu.ac.kr//pnfs/knu.ac.kr/data/cms/store/user/yeonjoon/outtree/DYJetsToLL_1J_TuneCP5_13TeV-amcatnloFXFX-pythia8/A71ADA1C-79B6-8043-9D40-FB989079345A_Skim.root
SkimmerDiLepton module ended successfully
Total time 4990.4 sec. to process 997138 events. Rate = 199.8 Hz.
RunSkimmerCondor.py DONE
