RunSkimmerLocal.py START
args =  Namespace(dataStream='', era='UL2018', inputNanoAOD='root://cms-xrd-global.cern.ch//store/mc/RunIISummer20UL18NanoAODv9/DYJetsToLL_1J_TuneCP5_13TeV-amcatnloFXFX-pythia8/NANOAODSIM/106X_upgrade2018_realistic_v16_L1v1-v1/270000/501B3B27-2C3E-3142-9245-648762616189.root', isMC=1, outDir='gsidcap://cluster142.knu.ac.kr//pnfs/knu.ac.kr/data/cms/store/user/yeonjoon/outtree/DYJetsToLL_1J_TuneCP5_13TeV-amcatnloFXFX-pythia8')
era  =  UL2018
isMC =  1
dataStream =  
NanoAOD =  root://cms-xrd-global.cern.ch//store/mc/RunIISummer20UL18NanoAODv9/DYJetsToLL_1J_TuneCP5_13TeV-amcatnloFXFX-pythia8/NANOAODSIM/106X_upgrade2018_realistic_v16_L1v1-v1/270000/501B3B27-2C3E-3142-9245-648762616189.root
isDoubleElecData =  False
isDoubleMuonData =  False
JEC : Summer19UL18_V5_MC	 JER : Summer19UL18_JRV2_MC
MET branch : MET
Loading C++ helper from /u/user/yeonjoon/working_dir/PileUpJetIDSF/CMSSW_10_6_30/src/PUjetID/Skimmer/data/muon/roccor.Run2.v5/RoccoR.cc
Use muon pt with rochester corrections applied. Branch:corrected_pt


Just printout what we will give to the PostProcessor
JSON      :  None
SELECTION :  ((nMuon>=2 && Sum$(Muon_pt>15.)>=1) || (nElectron>=2 && Sum$(Electron_pt>20.)>=1)) && (nJet>=1) && (Alt$(HLT_Mu17_TrkIsoVVL_Mu8_TrkIsoVVL_DZ_Mass3p8,0) || Alt$(HLT_Ele23_Ele12_CaloIdL_TrackIdL_IsoVL,0))
MODULES   :  [<PhysicsTools.NanoAODTools.postprocessing.modules.common.puWeightProducer.puWeightProducer object at 0x2b233d29bc10>, <PUjetID.Skimmer.MuonRocCorrProducer.MuonRocCorrProducer object at 0x2b233d2b5cd0>, <PhysicsTools.NanoAODTools.postprocessing.modules.jme.jetmetUncertainties.jetmetUncertaintiesProducer object at 0x2b233d2b9450>, <PUjetID.Skimmer.SkimmerDiLepton.SkimmerDiLepton object at 0x2b2342bd0f50>]
Will write selected trees to gsidcap://cluster142.knu.ac.kr//pnfs/knu.ac.kr/data/cms/store/user/yeonjoon/outtree/DYJetsToLL_1J_TuneCP5_13TeV-amcatnloFXFX-pythia8
Loading jet energy scale (JES) uncertainties from file '/tmp/tmpMayawm/Summer19UL18_V5_MC_Uncertainty_AK4PFchs.txt'
Loading jet energy resolutions (JER) from file '/tmp/tmp3Snmfv/Summer19UL18_JRV2_MC_PtResolution_AK4PFchs.txt'
Loading JER scale factors and uncertainties from file '/tmp/tmp3Snmfv/Summer19UL18_JRV2_MC_SF_AK4PFchs.txt'
Filename root://cms-xrd-global.cern.ch//store/mc/RunIISummer20UL18NanoAODv9/DYJetsToLL_1J_TuneCP5_13TeV-amcatnloFXFX-pythia8/NANOAODSIM/106X_upgrade2018_realistic_v16_L1v1-v1/270000/501B3B27-2C3E-3142-9245-648762616189.root is remote, will do a copy to local path /tmp/501B3B27-2C3E-3142-9245-648762616189-e01d75694828d0de.root
Time used for transferring the file locally: 1276.03 s
Pre-select 141873 entries out of 483744 (29.33%)
nanoAODv5 or higher: True
Processed    10000/  141873 entries,  7.05% (elapsed time   127.1s, curr speed    0.079 kHz, avg speed    0.079 kHz), accepted     5083/   10001 events (50.82%)
Processed    20000/  141873 entries, 14.10% (elapsed time   264.9s, curr speed    0.073 kHz, avg speed    0.076 kHz), accepted    10185/   20001 events (50.92%)
Processed    30000/  141873 entries, 21.15% (elapsed time   396.5s, curr speed    0.076 kHz, avg speed    0.076 kHz), accepted    15297/   30001 events (50.99%)
Processed    40000/  141873 entries, 28.19% (elapsed time   530.1s, curr speed    0.075 kHz, avg speed    0.075 kHz), accepted    20378/   40001 events (50.94%)
Processed    50000/  141873 entries, 35.24% (elapsed time   666.0s, curr speed    0.074 kHz, avg speed    0.075 kHz), accepted    25481/   50001 events (50.96%)
Processed    60000/  141873 entries, 42.29% (elapsed time   798.8s, curr speed    0.075 kHz, avg speed    0.075 kHz), accepted    30537/   60001 events (50.89%)
Processed    70000/  141873 entries, 49.34% (elapsed time   939.9s, curr speed    0.071 kHz, avg speed    0.074 kHz), accepted    35618/   70001 events (50.88%)
Processed    80000/  141873 entries, 56.39% (elapsed time  1081.8s, curr speed    0.070 kHz, avg speed    0.074 kHz), accepted    40637/   80001 events (50.80%)
Processed    90000/  141873 entries, 63.44% (elapsed time  1213.3s, curr speed    0.076 kHz, avg speed    0.074 kHz), accepted    45656/   90001 events (50.73%)
Processed   100000/  141873 entries, 70.49% (elapsed time  1347.6s, curr speed    0.074 kHz, avg speed    0.074 kHz), accepted    50740/  100001 events (50.74%)
Processed   110000/  141873 entries, 77.53% (elapsed time  1483.5s, curr speed    0.074 kHz, avg speed    0.074 kHz), accepted    55812/  110001 events (50.74%)
Processed   120000/  141873 entries, 84.58% (elapsed time  1619.2s, curr speed    0.074 kHz, avg speed    0.074 kHz), accepted    60985/  120001 events (50.82%)
Processed   130000/  141873 entries, 91.63% (elapsed time  1751.3s, curr speed    0.076 kHz, avg speed    0.074 kHz), accepted    66076/  130001 events (50.83%)
Processed   140000/  141873 entries, 98.68% (elapsed time  1879.6s, curr speed    0.078 kHz, avg speed    0.074 kHz), accepted    71111/  140001 events (50.79%)
File closed successfully
Processed 141873 preselected entries from root://cms-xrd-global.cern.ch//store/mc/RunIISummer20UL18NanoAODv9/DYJetsToLL_1J_TuneCP5_13TeV-amcatnloFXFX-pythia8/NANOAODSIM/106X_upgrade2018_realistic_v16_L1v1-v1/270000/501B3B27-2C3E-3142-9245-648762616189.root (483744 entries). Finally selected 72048 entries
Done gsidcap://cluster142.knu.ac.kr//pnfs/knu.ac.kr/data/cms/store/user/yeonjoon/outtree/DYJetsToLL_1J_TuneCP5_13TeV-amcatnloFXFX-pythia8/501B3B27-2C3E-3142-9245-648762616189_Skim.root
SkimmerDiLepton module ended successfully
Total time 3285.0 sec. to process 483744 events. Rate = 147.3 Hz.
RunSkimmerCondor.py DONE
