RunSkimmerLocal.py START
args =  Namespace(dataStream='', era='UL2018', inputNanoAOD='root://cms-xrd-global.cern.ch//store/mc/RunIISummer20UL18NanoAODv9/DYJetsToLL_1J_TuneCP5_13TeV-amcatnloFXFX-pythia8/NANOAODSIM/106X_upgrade2018_realistic_v16_L1v1-v1/280000/9B6AFEA7-AA8E-824D-B379-099A9F0F12D2.root', isMC=1, outDir='gsidcap://cluster142.knu.ac.kr//pnfs/knu.ac.kr/data/cms/store/user/yeonjoon/outtree/DYJetsToLL_1J_TuneCP5_13TeV-amcatnloFXFX-pythia8')
era  =  UL2018
isMC =  1
dataStream =  
NanoAOD =  root://cms-xrd-global.cern.ch//store/mc/RunIISummer20UL18NanoAODv9/DYJetsToLL_1J_TuneCP5_13TeV-amcatnloFXFX-pythia8/NANOAODSIM/106X_upgrade2018_realistic_v16_L1v1-v1/280000/9B6AFEA7-AA8E-824D-B379-099A9F0F12D2.root
isDoubleElecData =  False
isDoubleMuonData =  False
JEC : Summer19UL18_V5_MC	 JER : Summer19UL18_JRV2_MC
MET branch : MET
Loading C++ helper from /u/user/yeonjoon/working_dir/PileUpJetIDSF/CMSSW_10_6_30/src/PUjetID/Skimmer/data/muon/roccor.Run2.v5/RoccoR.cc
Use muon pt with rochester corrections applied. Branch:corrected_pt


Just printout what we will give to the PostProcessor
JSON      :  None
SELECTION :  ((nMuon>=2 && Sum$(Muon_pt>15.)>=1) || (nElectron>=2 && Sum$(Electron_pt>20.)>=1)) && (nJet>=1) && (Alt$(HLT_Mu17_TrkIsoVVL_Mu8_TrkIsoVVL_DZ_Mass3p8,0) || Alt$(HLT_Ele23_Ele12_CaloIdL_TrackIdL_IsoVL,0))
MODULES   :  [<PhysicsTools.NanoAODTools.postprocessing.modules.common.puWeightProducer.puWeightProducer object at 0x2b15681d1c90>, <PUjetID.Skimmer.MuonRocCorrProducer.MuonRocCorrProducer object at 0x2b15681ebd50>, <PhysicsTools.NanoAODTools.postprocessing.modules.jme.jetmetUncertainties.jetmetUncertaintiesProducer object at 0x2b15681ef4d0>, <PUjetID.Skimmer.SkimmerDiLepton.SkimmerDiLepton object at 0x2b156dcbffd0>]
Will write selected trees to gsidcap://cluster142.knu.ac.kr//pnfs/knu.ac.kr/data/cms/store/user/yeonjoon/outtree/DYJetsToLL_1J_TuneCP5_13TeV-amcatnloFXFX-pythia8
Loading jet energy scale (JES) uncertainties from file '/tmp/tmpT7C2ix/Summer19UL18_V5_MC_Uncertainty_AK4PFchs.txt'
Loading jet energy resolutions (JER) from file '/tmp/tmp5aL4oQ/Summer19UL18_JRV2_MC_PtResolution_AK4PFchs.txt'
Loading JER scale factors and uncertainties from file '/tmp/tmp5aL4oQ/Summer19UL18_JRV2_MC_SF_AK4PFchs.txt'
Filename root://cms-xrd-global.cern.ch//store/mc/RunIISummer20UL18NanoAODv9/DYJetsToLL_1J_TuneCP5_13TeV-amcatnloFXFX-pythia8/NANOAODSIM/106X_upgrade2018_realistic_v16_L1v1-v1/280000/9B6AFEA7-AA8E-824D-B379-099A9F0F12D2.root is remote, will do a copy to local path /tmp/9B6AFEA7-AA8E-824D-B379-099A9F0F12D2-7211c8e45414883b.root
Time used for transferring the file locally: 478.42 s
Pre-select 351588 entries out of 1201871 (29.25%)
nanoAODv5 or higher: True
Processed    10000/  351588 entries,  2.84% (elapsed time    79.0s, curr speed    0.127 kHz, avg speed    0.127 kHz), accepted     5089/   10001 events (50.88%)
Processed    20000/  351588 entries,  5.69% (elapsed time   161.2s, curr speed    0.122 kHz, avg speed    0.124 kHz), accepted    10203/   20001 events (51.01%)
Processed    30000/  351588 entries,  8.53% (elapsed time   241.6s, curr speed    0.124 kHz, avg speed    0.124 kHz), accepted    15333/   30001 events (51.11%)
Processed    40000/  351588 entries, 11.38% (elapsed time   324.7s, curr speed    0.120 kHz, avg speed    0.123 kHz), accepted    20407/   40001 events (51.02%)
Processed    50000/  351588 entries, 14.22% (elapsed time   406.4s, curr speed    0.122 kHz, avg speed    0.123 kHz), accepted    25484/   50001 events (50.97%)
Processed    60000/  351588 entries, 17.07% (elapsed time   487.7s, curr speed    0.123 kHz, avg speed    0.123 kHz), accepted    30625/   60001 events (51.04%)
Processed    70000/  351588 entries, 19.91% (elapsed time   583.9s, curr speed    0.104 kHz, avg speed    0.120 kHz), accepted    35667/   70001 events (50.95%)
Processed    80000/  351588 entries, 22.75% (elapsed time   676.9s, curr speed    0.108 kHz, avg speed    0.118 kHz), accepted    40663/   80001 events (50.83%)
Processed    90000/  351588 entries, 25.60% (elapsed time   765.7s, curr speed    0.113 kHz, avg speed    0.118 kHz), accepted    45767/   90001 events (50.85%)
Processed   100000/  351588 entries, 28.44% (elapsed time   856.5s, curr speed    0.110 kHz, avg speed    0.117 kHz), accepted    50868/  100001 events (50.87%)
Processed   110000/  351588 entries, 31.29% (elapsed time   944.6s, curr speed    0.114 kHz, avg speed    0.116 kHz), accepted    55917/  110001 events (50.83%)
Processed   120000/  351588 entries, 34.13% (elapsed time  1047.2s, curr speed    0.097 kHz, avg speed    0.115 kHz), accepted    61035/  120001 events (50.86%)
Processed   130000/  351588 entries, 36.98% (elapsed time  1153.5s, curr speed    0.094 kHz, avg speed    0.113 kHz), accepted    66141/  130001 events (50.88%)
Processed   140000/  351588 entries, 39.82% (elapsed time  1238.4s, curr speed    0.118 kHz, avg speed    0.113 kHz), accepted    71208/  140001 events (50.86%)
Processed   150000/  351588 entries, 42.66% (elapsed time  1325.2s, curr speed    0.115 kHz, avg speed    0.113 kHz), accepted    76326/  150001 events (50.88%)
Processed   160000/  351588 entries, 45.51% (elapsed time  1412.5s, curr speed    0.115 kHz, avg speed    0.113 kHz), accepted    81384/  160001 events (50.86%)
Processed   170000/  351588 entries, 48.35% (elapsed time  1497.4s, curr speed    0.118 kHz, avg speed    0.114 kHz), accepted    86463/  170001 events (50.86%)
Processed   180000/  351588 entries, 51.20% (elapsed time  1588.1s, curr speed    0.110 kHz, avg speed    0.113 kHz), accepted    91637/  180001 events (50.91%)
Processed   190000/  351588 entries, 54.04% (elapsed time  1679.6s, curr speed    0.109 kHz, avg speed    0.113 kHz), accepted    96735/  190001 events (50.91%)
Processed   200000/  351588 entries, 56.88% (elapsed time  1788.0s, curr speed    0.092 kHz, avg speed    0.112 kHz), accepted   101863/  200001 events (50.93%)
Processed   210000/  351588 entries, 59.73% (elapsed time  1918.8s, curr speed    0.076 kHz, avg speed    0.109 kHz), accepted   106968/  210001 events (50.94%)
Processed   220000/  351588 entries, 62.57% (elapsed time  2027.1s, curr speed    0.092 kHz, avg speed    0.109 kHz), accepted   112077/  220001 events (50.94%)
Processed   230000/  351588 entries, 65.42% (elapsed time  2164.0s, curr speed    0.073 kHz, avg speed    0.106 kHz), accepted   117222/  230001 events (50.97%)
Processed   240000/  351588 entries, 68.26% (elapsed time  2276.1s, curr speed    0.089 kHz, avg speed    0.105 kHz), accepted   122360/  240001 events (50.98%)
Processed   250000/  351588 entries, 71.11% (elapsed time  2373.4s, curr speed    0.103 kHz, avg speed    0.105 kHz), accepted   127418/  250001 events (50.97%)
Processed   260000/  351588 entries, 73.95% (elapsed time  2470.1s, curr speed    0.103 kHz, avg speed    0.105 kHz), accepted   132473/  260001 events (50.95%)
Processed   270000/  351588 entries, 76.79% (elapsed time  2561.9s, curr speed    0.109 kHz, avg speed    0.105 kHz), accepted   137535/  270001 events (50.94%)
Processed   280000/  351588 entries, 79.64% (elapsed time  2646.9s, curr speed    0.118 kHz, avg speed    0.106 kHz), accepted   142599/  280001 events (50.93%)
Processed   290000/  351588 entries, 82.48% (elapsed time  2737.8s, curr speed    0.110 kHz, avg speed    0.106 kHz), accepted   147666/  290001 events (50.92%)
Processed   300000/  351588 entries, 85.33% (elapsed time  2829.4s, curr speed    0.109 kHz, avg speed    0.106 kHz), accepted   152837/  300001 events (50.95%)
Processed   310000/  351588 entries, 88.17% (elapsed time  2918.7s, curr speed    0.112 kHz, avg speed    0.106 kHz), accepted   157980/  310001 events (50.96%)
Processed   320000/  351588 entries, 91.02% (elapsed time  3043.3s, curr speed    0.080 kHz, avg speed    0.105 kHz), accepted   163156/  320001 events (50.99%)
Processed   330000/  351588 entries, 93.86% (elapsed time  3168.5s, curr speed    0.080 kHz, avg speed    0.104 kHz), accepted   168220/  330001 events (50.98%)
Processed   340000/  351588 entries, 96.70% (elapsed time  3275.3s, curr speed    0.094 kHz, avg speed    0.104 kHz), accepted   173344/  340001 events (50.98%)
Processed   350000/  351588 entries, 99.55% (elapsed time  3413.1s, curr speed    0.073 kHz, avg speed    0.103 kHz), accepted   178483/  350001 events (50.99%)
File closed successfully
Processed 351588 preselected entries from root://cms-xrd-global.cern.ch//store/mc/RunIISummer20UL18NanoAODv9/DYJetsToLL_1J_TuneCP5_13TeV-amcatnloFXFX-pythia8/NANOAODSIM/106X_upgrade2018_realistic_v16_L1v1-v1/280000/9B6AFEA7-AA8E-824D-B379-099A9F0F12D2.root (1201871 entries). Finally selected 179309 entries
Done gsidcap://cluster142.knu.ac.kr//pnfs/knu.ac.kr/data/cms/store/user/yeonjoon/outtree/DYJetsToLL_1J_TuneCP5_13TeV-amcatnloFXFX-pythia8/9B6AFEA7-AA8E-824D-B379-099A9F0F12D2_Skim.root
SkimmerDiLepton module ended successfully
Total time 4070.7 sec. to process 1201871 events. Rate = 295.2 Hz.
RunSkimmerCondor.py DONE
