RunSkimmerLocal.py START
args =  Namespace(dataStream='', era='UL2018', inputNanoAOD='root://cms-xrd-global.cern.ch//store/mc/RunIISummer20UL18NanoAODv9/DYJetsToLL_1J_TuneCP5_13TeV-amcatnloFXFX-pythia8/NANOAODSIM/106X_upgrade2018_realistic_v16_L1v1-v1/270000/EA660C37-7CFE-374F-891A-BEAEB1D2BD72.root', isMC=1, outDir='gsidcap://cluster142.knu.ac.kr//pnfs/knu.ac.kr/data/cms/store/user/yeonjoon/outtree/DYJetsToLL_1J_TuneCP5_13TeV-amcatnloFXFX-pythia8')
era  =  UL2018
isMC =  1
dataStream =  
NanoAOD =  root://cms-xrd-global.cern.ch//store/mc/RunIISummer20UL18NanoAODv9/DYJetsToLL_1J_TuneCP5_13TeV-amcatnloFXFX-pythia8/NANOAODSIM/106X_upgrade2018_realistic_v16_L1v1-v1/270000/EA660C37-7CFE-374F-891A-BEAEB1D2BD72.root
isDoubleElecData =  False
isDoubleMuonData =  False
JEC : Summer19UL18_V5_MC	 JER : Summer19UL18_JRV2_MC
MET branch : MET
Loading C++ helper from /u/user/yeonjoon/working_dir/PileUpJetIDSF/CMSSW_10_6_30/src/PUjetID/Skimmer/data/muon/roccor.Run2.v5/RoccoR.cc
Use muon pt with rochester corrections applied. Branch:corrected_pt


Just printout what we will give to the PostProcessor
JSON      :  None
SELECTION :  ((nMuon>=2 && Sum$(Muon_pt>15.)>=1) || (nElectron>=2 && Sum$(Electron_pt>20.)>=1)) && (nJet>=1) && (Alt$(HLT_Mu17_TrkIsoVVL_Mu8_TrkIsoVVL_DZ_Mass3p8,0) || Alt$(HLT_Ele23_Ele12_CaloIdL_TrackIdL_IsoVL,0))
MODULES   :  [<PhysicsTools.NanoAODTools.postprocessing.modules.common.puWeightProducer.puWeightProducer object at 0x2b004f96bdd0>, <PUjetID.Skimmer.MuonRocCorrProducer.MuonRocCorrProducer object at 0x2b004f985c90>, <PhysicsTools.NanoAODTools.postprocessing.modules.jme.jetmetUncertainties.jetmetUncertaintiesProducer object at 0x2b004f989410>, <PUjetID.Skimmer.SkimmerDiLepton.SkimmerDiLepton object at 0x2b0059123f50>]
Will write selected trees to gsidcap://cluster142.knu.ac.kr//pnfs/knu.ac.kr/data/cms/store/user/yeonjoon/outtree/DYJetsToLL_1J_TuneCP5_13TeV-amcatnloFXFX-pythia8
Loading jet energy scale (JES) uncertainties from file '/tmp/tmpdkczHZ/Summer19UL18_V5_MC_Uncertainty_AK4PFchs.txt'
Loading jet energy resolutions (JER) from file '/tmp/tmp22xpCD/Summer19UL18_JRV2_MC_PtResolution_AK4PFchs.txt'
Loading JER scale factors and uncertainties from file '/tmp/tmp22xpCD/Summer19UL18_JRV2_MC_SF_AK4PFchs.txt'
Filename root://cms-xrd-global.cern.ch//store/mc/RunIISummer20UL18NanoAODv9/DYJetsToLL_1J_TuneCP5_13TeV-amcatnloFXFX-pythia8/NANOAODSIM/106X_upgrade2018_realistic_v16_L1v1-v1/270000/EA660C37-7CFE-374F-891A-BEAEB1D2BD72.root is remote, will do a copy to local path /tmp/EA660C37-7CFE-374F-891A-BEAEB1D2BD72-b9deac3d1cbf590.root
Time used for transferring the file locally: 200.64 s
Pre-select 130315 entries out of 444812 (29.30%)
nanoAODv5 or higher: True
Processed    10000/  130315 entries,  7.67% (elapsed time   127.2s, curr speed    0.079 kHz, avg speed    0.079 kHz), accepted     5156/   10001 events (51.55%)
Processed    20000/  130315 entries, 15.35% (elapsed time   262.0s, curr speed    0.074 kHz, avg speed    0.076 kHz), accepted    10266/   20001 events (51.33%)
Processed    30000/  130315 entries, 23.02% (elapsed time   389.6s, curr speed    0.078 kHz, avg speed    0.077 kHz), accepted    15330/   30001 events (51.10%)
Processed    40000/  130315 entries, 30.69% (elapsed time   520.9s, curr speed    0.076 kHz, avg speed    0.077 kHz), accepted    20384/   40001 events (50.96%)
Processed    50000/  130315 entries, 38.37% (elapsed time   653.5s, curr speed    0.075 kHz, avg speed    0.077 kHz), accepted    25492/   50001 events (50.98%)
Processed    60000/  130315 entries, 46.04% (elapsed time   791.5s, curr speed    0.072 kHz, avg speed    0.076 kHz), accepted    30584/   60001 events (50.97%)
Processed    70000/  130315 entries, 53.72% (elapsed time   940.0s, curr speed    0.067 kHz, avg speed    0.074 kHz), accepted    35740/   70001 events (51.06%)
Processed    80000/  130315 entries, 61.39% (elapsed time  1075.7s, curr speed    0.074 kHz, avg speed    0.074 kHz), accepted    40847/   80001 events (51.06%)
Processed    90000/  130315 entries, 69.06% (elapsed time  1211.6s, curr speed    0.074 kHz, avg speed    0.074 kHz), accepted    46031/   90001 events (51.14%)
Processed   100000/  130315 entries, 76.74% (elapsed time  1346.9s, curr speed    0.074 kHz, avg speed    0.074 kHz), accepted    51219/  100001 events (51.22%)
Processed   110000/  130315 entries, 84.41% (elapsed time  1483.1s, curr speed    0.073 kHz, avg speed    0.074 kHz), accepted    56376/  110001 events (51.25%)
Processed   120000/  130315 entries, 92.08% (elapsed time  1614.7s, curr speed    0.076 kHz, avg speed    0.074 kHz), accepted    61552/  120001 events (51.29%)
Processed   130000/  130315 entries, 99.76% (elapsed time  1748.8s, curr speed    0.075 kHz, avg speed    0.074 kHz), accepted    66638/  130001 events (51.26%)
File closed successfully
Processed 130315 preselected entries from root://cms-xrd-global.cern.ch//store/mc/RunIISummer20UL18NanoAODv9/DYJetsToLL_1J_TuneCP5_13TeV-amcatnloFXFX-pythia8/NANOAODSIM/106X_upgrade2018_realistic_v16_L1v1-v1/270000/EA660C37-7CFE-374F-891A-BEAEB1D2BD72.root (444812 entries). Finally selected 66809 entries
Done gsidcap://cluster142.knu.ac.kr//pnfs/knu.ac.kr/data/cms/store/user/yeonjoon/outtree/DYJetsToLL_1J_TuneCP5_13TeV-amcatnloFXFX-pythia8/EA660C37-7CFE-374F-891A-BEAEB1D2BD72_Skim.root
SkimmerDiLepton module ended successfully
Total time 2086.9 sec. to process 444812 events. Rate = 213.1 Hz.
RunSkimmerCondor.py DONE
