RunSkimmerLocal.py START
args =  Namespace(dataStream='', era='UL2018', inputNanoAOD='root://cms-xrd-global.cern.ch//store/mc/RunIISummer20UL18NanoAODv9/DYJetsToLL_1J_TuneCP5_13TeV-amcatnloFXFX-pythia8/NANOAODSIM/106X_upgrade2018_realistic_v16_L1v1-v1/270000/BDA7DE46-1E7D-A747-B1EC-2BCE42F0B1C7.root', isMC=1, outDir='gsidcap://cluster142.knu.ac.kr//pnfs/knu.ac.kr/data/cms/store/user/yeonjoon/outtree/DYJetsToLL_1J_TuneCP5_13TeV-amcatnloFXFX-pythia8')
era  =  UL2018
isMC =  1
dataStream =  
NanoAOD =  root://cms-xrd-global.cern.ch//store/mc/RunIISummer20UL18NanoAODv9/DYJetsToLL_1J_TuneCP5_13TeV-amcatnloFXFX-pythia8/NANOAODSIM/106X_upgrade2018_realistic_v16_L1v1-v1/270000/BDA7DE46-1E7D-A747-B1EC-2BCE42F0B1C7.root
isDoubleElecData =  False
isDoubleMuonData =  False
JEC : Summer19UL18_V5_MC	 JER : Summer19UL18_JRV2_MC
MET branch : MET
Loading C++ helper from /u/user/yeonjoon/working_dir/PileUpJetIDSF/CMSSW_10_6_30/src/PUjetID/Skimmer/data/muon/roccor.Run2.v5/RoccoR.cc
Use muon pt with rochester corrections applied. Branch:corrected_pt


Just printout what we will give to the PostProcessor
JSON      :  None
SELECTION :  ((nMuon>=2 && Sum$(Muon_pt>15.)>=1) || (nElectron>=2 && Sum$(Electron_pt>20.)>=1)) && (nJet>=1) && (Alt$(HLT_Mu17_TrkIsoVVL_Mu8_TrkIsoVVL_DZ_Mass3p8,0) || Alt$(HLT_Ele23_Ele12_CaloIdL_TrackIdL_IsoVL,0))
MODULES   :  [<PhysicsTools.NanoAODTools.postprocessing.modules.common.puWeightProducer.puWeightProducer object at 0x2b3ce22e8c90>, <PUjetID.Skimmer.MuonRocCorrProducer.MuonRocCorrProducer object at 0x2b3ce2302d50>, <PhysicsTools.NanoAODTools.postprocessing.modules.jme.jetmetUncertainties.jetmetUncertaintiesProducer object at 0x2b3ce23064d0>, <PUjetID.Skimmer.SkimmerDiLepton.SkimmerDiLepton object at 0x2b3cebe0bfd0>]
Will write selected trees to gsidcap://cluster142.knu.ac.kr//pnfs/knu.ac.kr/data/cms/store/user/yeonjoon/outtree/DYJetsToLL_1J_TuneCP5_13TeV-amcatnloFXFX-pythia8
Loading jet energy scale (JES) uncertainties from file '/tmp/tmpeZYlea/Summer19UL18_V5_MC_Uncertainty_AK4PFchs.txt'
Loading jet energy resolutions (JER) from file '/tmp/tmpuRe6Qv/Summer19UL18_JRV2_MC_PtResolution_AK4PFchs.txt'
Loading JER scale factors and uncertainties from file '/tmp/tmpuRe6Qv/Summer19UL18_JRV2_MC_SF_AK4PFchs.txt'
Filename root://cms-xrd-global.cern.ch//store/mc/RunIISummer20UL18NanoAODv9/DYJetsToLL_1J_TuneCP5_13TeV-amcatnloFXFX-pythia8/NANOAODSIM/106X_upgrade2018_realistic_v16_L1v1-v1/270000/BDA7DE46-1E7D-A747-B1EC-2BCE42F0B1C7.root is remote, will do a copy to local path /tmp/BDA7DE46-1E7D-A747-B1EC-2BCE42F0B1C7-d5ac24cb6ea5af1.root
Time used for transferring the file locally: 268.66 s
Pre-select 39066 entries out of 133082 (29.35%)
nanoAODv5 or higher: True
Processed    10000/   39066 entries, 25.60% (elapsed time    77.0s, curr speed    0.130 kHz, avg speed    0.130 kHz), accepted     5127/   10001 events (51.26%)
Processed    20000/   39066 entries, 51.20% (elapsed time   159.7s, curr speed    0.121 kHz, avg speed    0.125 kHz), accepted    10174/   20001 events (50.87%)
Processed    30000/   39066 entries, 76.79% (elapsed time   241.0s, curr speed    0.123 kHz, avg speed    0.124 kHz), accepted    15278/   30001 events (50.92%)
File closed successfully
Processed 39066 preselected entries from root://cms-xrd-global.cern.ch//store/mc/RunIISummer20UL18NanoAODv9/DYJetsToLL_1J_TuneCP5_13TeV-amcatnloFXFX-pythia8/NANOAODSIM/106X_upgrade2018_realistic_v16_L1v1-v1/270000/BDA7DE46-1E7D-A747-B1EC-2BCE42F0B1C7.root (133082 entries). Finally selected 19859 entries
Done gsidcap://cluster142.knu.ac.kr//pnfs/knu.ac.kr/data/cms/store/user/yeonjoon/outtree/DYJetsToLL_1J_TuneCP5_13TeV-amcatnloFXFX-pythia8/BDA7DE46-1E7D-A747-B1EC-2BCE42F0B1C7_Skim.root
SkimmerDiLepton module ended successfully
Total time 605.9 sec. to process 133082 events. Rate = 219.6 Hz.
RunSkimmerCondor.py DONE
