RunSkimmerLocal.py START
args =  Namespace(dataStream='', era='UL2018', inputNanoAOD='root://cms-xrd-global.cern.ch//store/mc/RunIISummer20UL18NanoAODv9/DYJetsToLL_1J_TuneCP5_13TeV-amcatnloFXFX-pythia8/NANOAODSIM/106X_upgrade2018_realistic_v16_L1v1-v1/280000/45E5A5FA-500B-C14B-9010-42675CEE5055.root', isMC=1, outDir='gsidcap://cluster142.knu.ac.kr//pnfs/knu.ac.kr/data/cms/store/user/yeonjoon/outtree/DYJetsToLL_1J_TuneCP5_13TeV-amcatnloFXFX-pythia8')
era  =  UL2018
isMC =  1
dataStream =  
NanoAOD =  root://cms-xrd-global.cern.ch//store/mc/RunIISummer20UL18NanoAODv9/DYJetsToLL_1J_TuneCP5_13TeV-amcatnloFXFX-pythia8/NANOAODSIM/106X_upgrade2018_realistic_v16_L1v1-v1/280000/45E5A5FA-500B-C14B-9010-42675CEE5055.root
isDoubleElecData =  False
isDoubleMuonData =  False
JEC : Summer19UL18_V5_MC	 JER : Summer19UL18_JRV2_MC
MET branch : MET
Loading C++ helper from /u/user/yeonjoon/working_dir/PileUpJetIDSF/CMSSW_10_6_30/src/PUjetID/Skimmer/data/muon/roccor.Run2.v5/RoccoR.cc
Use muon pt with rochester corrections applied. Branch:corrected_pt


Just printout what we will give to the PostProcessor
JSON      :  None
SELECTION :  ((nMuon>=2 && Sum$(Muon_pt>15.)>=1) || (nElectron>=2 && Sum$(Electron_pt>20.)>=1)) && (nJet>=1) && (Alt$(HLT_Mu17_TrkIsoVVL_Mu8_TrkIsoVVL_DZ_Mass3p8,0) || Alt$(HLT_Ele23_Ele12_CaloIdL_TrackIdL_IsoVL,0))
MODULES   :  [<PhysicsTools.NanoAODTools.postprocessing.modules.common.puWeightProducer.puWeightProducer object at 0x2b261fabfb90>, <PUjetID.Skimmer.MuonRocCorrProducer.MuonRocCorrProducer object at 0x2b261fad9c50>, <PhysicsTools.NanoAODTools.postprocessing.modules.jme.jetmetUncertainties.jetmetUncertaintiesProducer object at 0x2b261fadd3d0>, <PUjetID.Skimmer.SkimmerDiLepton.SkimmerDiLepton object at 0x2b2629604ed0>]
Will write selected trees to gsidcap://cluster142.knu.ac.kr//pnfs/knu.ac.kr/data/cms/store/user/yeonjoon/outtree/DYJetsToLL_1J_TuneCP5_13TeV-amcatnloFXFX-pythia8
Loading jet energy scale (JES) uncertainties from file '/tmp/tmpsIRc4X/Summer19UL18_V5_MC_Uncertainty_AK4PFchs.txt'
Loading jet energy resolutions (JER) from file '/tmp/tmpicDmmH/Summer19UL18_JRV2_MC_PtResolution_AK4PFchs.txt'
Loading JER scale factors and uncertainties from file '/tmp/tmpicDmmH/Summer19UL18_JRV2_MC_SF_AK4PFchs.txt'
Filename root://cms-xrd-global.cern.ch//store/mc/RunIISummer20UL18NanoAODv9/DYJetsToLL_1J_TuneCP5_13TeV-amcatnloFXFX-pythia8/NANOAODSIM/106X_upgrade2018_realistic_v16_L1v1-v1/280000/45E5A5FA-500B-C14B-9010-42675CEE5055.root is remote, will do a copy to local path /tmp/45E5A5FA-500B-C14B-9010-42675CEE5055-ae69538ce180723.root
Time used for transferring the file locally: 1321.71 s
Pre-select 507727 entries out of 1728959 (29.37%)
nanoAODv5 or higher: True
Processed    10000/  507727 entries,  1.97% (elapsed time    96.5s, curr speed    0.104 kHz, avg speed    0.104 kHz), accepted     5128/   10001 events (51.27%)
Processed    20000/  507727 entries,  3.94% (elapsed time   176.1s, curr speed    0.126 kHz, avg speed    0.114 kHz), accepted    10249/   20001 events (51.24%)
Processed    30000/  507727 entries,  5.91% (elapsed time   245.2s, curr speed    0.145 kHz, avg speed    0.122 kHz), accepted    15311/   30001 events (51.03%)
Processed    40000/  507727 entries,  7.88% (elapsed time   319.2s, curr speed    0.135 kHz, avg speed    0.125 kHz), accepted    20422/   40001 events (51.05%)
Processed    50000/  507727 entries,  9.85% (elapsed time   389.5s, curr speed    0.142 kHz, avg speed    0.128 kHz), accepted    25530/   50001 events (51.06%)
Processed    60000/  507727 entries, 11.82% (elapsed time   463.9s, curr speed    0.134 kHz, avg speed    0.129 kHz), accepted    30597/   60001 events (50.99%)
Processed    70000/  507727 entries, 13.79% (elapsed time   540.5s, curr speed    0.131 kHz, avg speed    0.130 kHz), accepted    35736/   70001 events (51.05%)
Processed    80000/  507727 entries, 15.76% (elapsed time   610.8s, curr speed    0.142 kHz, avg speed    0.131 kHz), accepted    40862/   80001 events (51.08%)
Processed    90000/  507727 entries, 17.73% (elapsed time   675.8s, curr speed    0.154 kHz, avg speed    0.133 kHz), accepted    45977/   90001 events (51.08%)
Processed   100000/  507727 entries, 19.70% (elapsed time   743.3s, curr speed    0.148 kHz, avg speed    0.135 kHz), accepted    51105/  100001 events (51.10%)
Processed   110000/  507727 entries, 21.67% (elapsed time   811.5s, curr speed    0.147 kHz, avg speed    0.136 kHz), accepted    56170/  110001 events (51.06%)
Processed   120000/  507727 entries, 23.63% (elapsed time   910.1s, curr speed    0.102 kHz, avg speed    0.132 kHz), accepted    61316/  120001 events (51.10%)
Processed   130000/  507727 entries, 25.60% (elapsed time  1018.0s, curr speed    0.093 kHz, avg speed    0.128 kHz), accepted    66399/  130001 events (51.08%)
Processed   140000/  507727 entries, 27.57% (elapsed time  1113.0s, curr speed    0.105 kHz, avg speed    0.126 kHz), accepted    71550/  140001 events (51.11%)
Processed   150000/  507727 entries, 29.54% (elapsed time  1216.1s, curr speed    0.097 kHz, avg speed    0.123 kHz), accepted    76657/  150001 events (51.10%)
Processed   160000/  507727 entries, 31.51% (elapsed time  1316.7s, curr speed    0.099 kHz, avg speed    0.122 kHz), accepted    81674/  160001 events (51.05%)
Processed   170000/  507727 entries, 33.48% (elapsed time  1397.9s, curr speed    0.123 kHz, avg speed    0.122 kHz), accepted    86844/  170001 events (51.08%)
Processed   180000/  507727 entries, 35.45% (elapsed time  1465.1s, curr speed    0.149 kHz, avg speed    0.123 kHz), accepted    92039/  180001 events (51.13%)
Processed   190000/  507727 entries, 37.42% (elapsed time  1531.3s, curr speed    0.151 kHz, avg speed    0.124 kHz), accepted    97188/  190001 events (51.15%)
Processed   200000/  507727 entries, 39.39% (elapsed time  1592.7s, curr speed    0.163 kHz, avg speed    0.126 kHz), accepted   102289/  200001 events (51.14%)
Processed   210000/  507727 entries, 41.36% (elapsed time  1656.2s, curr speed    0.158 kHz, avg speed    0.127 kHz), accepted   107388/  210001 events (51.14%)
Processed   220000/  507727 entries, 43.33% (elapsed time  1720.4s, curr speed    0.156 kHz, avg speed    0.128 kHz), accepted   112502/  220001 events (51.14%)
Processed   230000/  507727 entries, 45.30% (elapsed time  1782.5s, curr speed    0.161 kHz, avg speed    0.129 kHz), accepted   117525/  230001 events (51.10%)
Processed   240000/  507727 entries, 47.27% (elapsed time  1844.7s, curr speed    0.161 kHz, avg speed    0.130 kHz), accepted   122589/  240001 events (51.08%)
Processed   250000/  507727 entries, 49.24% (elapsed time  1906.1s, curr speed    0.163 kHz, avg speed    0.131 kHz), accepted   127730/  250001 events (51.09%)
Processed   260000/  507727 entries, 51.21% (elapsed time  1965.7s, curr speed    0.168 kHz, avg speed    0.132 kHz), accepted   132832/  260001 events (51.09%)
Processed   270000/  507727 entries, 53.18% (elapsed time  2024.8s, curr speed    0.169 kHz, avg speed    0.133 kHz), accepted   137881/  270001 events (51.07%)
Processed   280000/  507727 entries, 55.15% (elapsed time  2104.9s, curr speed    0.125 kHz, avg speed    0.133 kHz), accepted   143101/  280001 events (51.11%)
Processed   290000/  507727 entries, 57.12% (elapsed time  2210.3s, curr speed    0.095 kHz, avg speed    0.131 kHz), accepted   148220/  290001 events (51.11%)
Processed   300000/  507727 entries, 59.09% (elapsed time  2308.8s, curr speed    0.101 kHz, avg speed    0.130 kHz), accepted   153332/  300001 events (51.11%)
Processed   310000/  507727 entries, 61.06% (elapsed time  2397.5s, curr speed    0.113 kHz, avg speed    0.129 kHz), accepted   158499/  310001 events (51.13%)
Processed   320000/  507727 entries, 63.03% (elapsed time  2501.3s, curr speed    0.096 kHz, avg speed    0.128 kHz), accepted   163614/  320001 events (51.13%)
Processed   330000/  507727 entries, 65.00% (elapsed time  2601.4s, curr speed    0.100 kHz, avg speed    0.127 kHz), accepted   168800/  330001 events (51.15%)
Processed   340000/  507727 entries, 66.97% (elapsed time  2689.4s, curr speed    0.114 kHz, avg speed    0.126 kHz), accepted   173934/  340001 events (51.16%)
Processed   350000/  507727 entries, 68.93% (elapsed time  2789.6s, curr speed    0.100 kHz, avg speed    0.125 kHz), accepted   179005/  350001 events (51.14%)
Processed   360000/  507727 entries, 70.90% (elapsed time  2894.2s, curr speed    0.096 kHz, avg speed    0.124 kHz), accepted   184100/  360001 events (51.14%)
Processed   370000/  507727 entries, 72.87% (elapsed time  3001.0s, curr speed    0.094 kHz, avg speed    0.123 kHz), accepted   189179/  370001 events (51.13%)
Processed   380000/  507727 entries, 74.84% (elapsed time  3105.9s, curr speed    0.095 kHz, avg speed    0.122 kHz), accepted   194156/  380001 events (51.09%)
Processed   390000/  507727 entries, 76.81% (elapsed time  3207.4s, curr speed    0.099 kHz, avg speed    0.122 kHz), accepted   199229/  390001 events (51.08%)
Processed   400000/  507727 entries, 78.78% (elapsed time  3310.4s, curr speed    0.097 kHz, avg speed    0.121 kHz), accepted   204402/  400001 events (51.10%)
Processed   410000/  507727 entries, 80.75% (elapsed time  3412.1s, curr speed    0.098 kHz, avg speed    0.120 kHz), accepted   209519/  410001 events (51.10%)
Processed   420000/  507727 entries, 82.72% (elapsed time  3511.1s, curr speed    0.101 kHz, avg speed    0.120 kHz), accepted   214632/  420001 events (51.10%)
Processed   430000/  507727 entries, 84.69% (elapsed time  3613.8s, curr speed    0.097 kHz, avg speed    0.119 kHz), accepted   219725/  430001 events (51.10%)
Processed   440000/  507727 entries, 86.66% (elapsed time  3713.6s, curr speed    0.100 kHz, avg speed    0.118 kHz), accepted   224748/  440001 events (51.08%)
Processed   450000/  507727 entries, 88.63% (elapsed time  3795.1s, curr speed    0.123 kHz, avg speed    0.119 kHz), accepted   229786/  450001 events (51.06%)
Processed   460000/  507727 entries, 90.60% (elapsed time  3852.0s, curr speed    0.176 kHz, avg speed    0.119 kHz), accepted   234906/  460001 events (51.07%)
Processed   470000/  507727 entries, 92.57% (elapsed time  3905.9s, curr speed    0.186 kHz, avg speed    0.120 kHz), accepted   240051/  470001 events (51.07%)
Processed   480000/  507727 entries, 94.54% (elapsed time  3959.4s, curr speed    0.187 kHz, avg speed    0.121 kHz), accepted   245115/  480001 events (51.07%)
Processed   490000/  507727 entries, 96.51% (elapsed time  4015.4s, curr speed    0.179 kHz, avg speed    0.122 kHz), accepted   250168/  490001 events (51.05%)
Processed   500000/  507727 entries, 98.48% (elapsed time  4068.7s, curr speed    0.188 kHz, avg speed    0.123 kHz), accepted   255293/  500001 events (51.06%)
File closed successfully
Processed 507727 preselected entries from root://cms-xrd-global.cern.ch//store/mc/RunIISummer20UL18NanoAODv9/DYJetsToLL_1J_TuneCP5_13TeV-amcatnloFXFX-pythia8/NANOAODSIM/106X_upgrade2018_realistic_v16_L1v1-v1/280000/45E5A5FA-500B-C14B-9010-42675CEE5055.root (1728959 entries). Finally selected 259175 entries
Done gsidcap://cluster142.knu.ac.kr//pnfs/knu.ac.kr/data/cms/store/user/yeonjoon/outtree/DYJetsToLL_1J_TuneCP5_13TeV-amcatnloFXFX-pythia8/45E5A5FA-500B-C14B-9010-42675CEE5055_Skim.root
SkimmerDiLepton module ended successfully
Total time 5579.4 sec. to process 1728959 events. Rate = 309.9 Hz.
RunSkimmerCondor.py DONE
