RunSkimmerLocal.py START
args =  Namespace(dataStream='', era='UL2018', inputNanoAOD='root://cms-xrd-global.cern.ch//store/mc/RunIISummer20UL18NanoAODv9/DYJetsToLL_1J_TuneCP5_13TeV-amcatnloFXFX-pythia8/NANOAODSIM/106X_upgrade2018_realistic_v16_L1v1-v1/120000/7853B132-1EA8-2042-A9BE-7CAB2F34419C.root', isMC=1, outDir='gsidcap://cluster142.knu.ac.kr//pnfs/knu.ac.kr/data/cms/store/user/yeonjoon/outtree/DYJetsToLL_1J_TuneCP5_13TeV-amcatnloFXFX-pythia8')
era  =  UL2018
isMC =  1
dataStream =  
NanoAOD =  root://cms-xrd-global.cern.ch//store/mc/RunIISummer20UL18NanoAODv9/DYJetsToLL_1J_TuneCP5_13TeV-amcatnloFXFX-pythia8/NANOAODSIM/106X_upgrade2018_realistic_v16_L1v1-v1/120000/7853B132-1EA8-2042-A9BE-7CAB2F34419C.root
isDoubleElecData =  False
isDoubleMuonData =  False
JEC : Summer19UL18_V5_MC	 JER : Summer19UL18_JRV2_MC
MET branch : MET
Loading C++ helper from /u/user/yeonjoon/working_dir/PileUpJetIDSF/CMSSW_10_6_30/src/PUjetID/Skimmer/data/muon/roccor.Run2.v5/RoccoR.cc
Use muon pt with rochester corrections applied. Branch:corrected_pt


Just printout what we will give to the PostProcessor
JSON      :  None
SELECTION :  ((nMuon>=2 && Sum$(Muon_pt>15.)>=1) || (nElectron>=2 && Sum$(Electron_pt>20.)>=1)) && (nJet>=1) && (Alt$(HLT_Mu17_TrkIsoVVL_Mu8_TrkIsoVVL_DZ_Mass3p8,0) || Alt$(HLT_Ele23_Ele12_CaloIdL_TrackIdL_IsoVL,0))
MODULES   :  [<PhysicsTools.NanoAODTools.postprocessing.modules.common.puWeightProducer.puWeightProducer object at 0x2b7252338c90>, <PUjetID.Skimmer.MuonRocCorrProducer.MuonRocCorrProducer object at 0x2b7252352d50>, <PhysicsTools.NanoAODTools.postprocessing.modules.jme.jetmetUncertainties.jetmetUncertaintiesProducer object at 0x2b72523564d0>, <PUjetID.Skimmer.SkimmerDiLepton.SkimmerDiLepton object at 0x2b725b9cffd0>]
Will write selected trees to gsidcap://cluster142.knu.ac.kr//pnfs/knu.ac.kr/data/cms/store/user/yeonjoon/outtree/DYJetsToLL_1J_TuneCP5_13TeV-amcatnloFXFX-pythia8
Loading jet energy scale (JES) uncertainties from file '/tmp/tmpUcl_Sj/Summer19UL18_V5_MC_Uncertainty_AK4PFchs.txt'
Loading jet energy resolutions (JER) from file '/tmp/tmpYIzAW3/Summer19UL18_JRV2_MC_PtResolution_AK4PFchs.txt'
Loading JER scale factors and uncertainties from file '/tmp/tmpYIzAW3/Summer19UL18_JRV2_MC_SF_AK4PFchs.txt'
Filename root://cms-xrd-global.cern.ch//store/mc/RunIISummer20UL18NanoAODv9/DYJetsToLL_1J_TuneCP5_13TeV-amcatnloFXFX-pythia8/NANOAODSIM/106X_upgrade2018_realistic_v16_L1v1-v1/120000/7853B132-1EA8-2042-A9BE-7CAB2F34419C.root is remote, will do a copy to local path /tmp/7853B132-1EA8-2042-A9BE-7CAB2F34419C-7ea2efe060f82ee7.root
Time used for transferring the file locally: 1480.19 s
Pre-select 348261 entries out of 1186225 (29.36%)
nanoAODv5 or higher: True
Processed    10000/  348261 entries,  2.87% (elapsed time    92.3s, curr speed    0.108 kHz, avg speed    0.108 kHz), accepted     5108/   10001 events (51.07%)
Processed    20000/  348261 entries,  5.74% (elapsed time   200.4s, curr speed    0.092 kHz, avg speed    0.100 kHz), accepted    10210/   20001 events (51.05%)
Processed    30000/  348261 entries,  8.61% (elapsed time   284.7s, curr speed    0.119 kHz, avg speed    0.105 kHz), accepted    15263/   30001 events (50.87%)
Processed    40000/  348261 entries, 11.49% (elapsed time   368.2s, curr speed    0.120 kHz, avg speed    0.109 kHz), accepted    20277/   40001 events (50.69%)
Processed    50000/  348261 entries, 14.36% (elapsed time   455.4s, curr speed    0.115 kHz, avg speed    0.110 kHz), accepted    25448/   50001 events (50.89%)
Processed    60000/  348261 entries, 17.23% (elapsed time   540.4s, curr speed    0.118 kHz, avg speed    0.111 kHz), accepted    30510/   60001 events (50.85%)
Processed    70000/  348261 entries, 20.10% (elapsed time   629.8s, curr speed    0.112 kHz, avg speed    0.111 kHz), accepted    35589/   70001 events (50.84%)
Processed    80000/  348261 entries, 22.97% (elapsed time   719.3s, curr speed    0.112 kHz, avg speed    0.111 kHz), accepted    40652/   80001 events (50.81%)
Processed    90000/  348261 entries, 25.84% (elapsed time   815.5s, curr speed    0.104 kHz, avg speed    0.110 kHz), accepted    45756/   90001 events (50.84%)
Processed   100000/  348261 entries, 28.71% (elapsed time   940.7s, curr speed    0.080 kHz, avg speed    0.106 kHz), accepted    50831/  100001 events (50.83%)
Processed   110000/  348261 entries, 31.59% (elapsed time  1049.9s, curr speed    0.092 kHz, avg speed    0.105 kHz), accepted    55980/  110001 events (50.89%)
Processed   120000/  348261 entries, 34.46% (elapsed time  1171.5s, curr speed    0.082 kHz, avg speed    0.102 kHz), accepted    61039/  120001 events (50.87%)
Processed   130000/  348261 entries, 37.33% (elapsed time  1299.5s, curr speed    0.078 kHz, avg speed    0.100 kHz), accepted    66204/  130001 events (50.93%)
Processed   140000/  348261 entries, 40.20% (elapsed time  1384.6s, curr speed    0.117 kHz, avg speed    0.101 kHz), accepted    71334/  140001 events (50.95%)
Processed   150000/  348261 entries, 43.07% (elapsed time  1483.7s, curr speed    0.101 kHz, avg speed    0.101 kHz), accepted    76481/  150001 events (50.99%)
Processed   160000/  348261 entries, 45.94% (elapsed time  1578.0s, curr speed    0.106 kHz, avg speed    0.101 kHz), accepted    81538/  160001 events (50.96%)
Processed   170000/  348261 entries, 48.81% (elapsed time  1660.8s, curr speed    0.121 kHz, avg speed    0.102 kHz), accepted    86603/  170001 events (50.94%)
Processed   180000/  348261 entries, 51.69% (elapsed time  1749.8s, curr speed    0.112 kHz, avg speed    0.103 kHz), accepted    91783/  180001 events (50.99%)
Processed   190000/  348261 entries, 54.56% (elapsed time  1839.6s, curr speed    0.111 kHz, avg speed    0.103 kHz), accepted    96886/  190001 events (50.99%)
Processed   200000/  348261 entries, 57.43% (elapsed time  1920.9s, curr speed    0.123 kHz, avg speed    0.104 kHz), accepted   101934/  200001 events (50.97%)
Processed   210000/  348261 entries, 60.30% (elapsed time  2021.3s, curr speed    0.100 kHz, avg speed    0.104 kHz), accepted   107073/  210001 events (50.99%)
Processed   220000/  348261 entries, 63.17% (elapsed time  2156.6s, curr speed    0.074 kHz, avg speed    0.102 kHz), accepted   112169/  220001 events (50.99%)
Processed   230000/  348261 entries, 66.04% (elapsed time  2256.9s, curr speed    0.100 kHz, avg speed    0.102 kHz), accepted   117290/  230001 events (51.00%)
Processed   240000/  348261 entries, 68.91% (elapsed time  2375.8s, curr speed    0.084 kHz, avg speed    0.101 kHz), accepted   122350/  240001 events (50.98%)
Processed   250000/  348261 entries, 71.79% (elapsed time  2500.9s, curr speed    0.080 kHz, avg speed    0.100 kHz), accepted   127460/  250001 events (50.98%)
Processed   260000/  348261 entries, 74.66% (elapsed time  2594.2s, curr speed    0.107 kHz, avg speed    0.100 kHz), accepted   132649/  260001 events (51.02%)
Processed   270000/  348261 entries, 77.53% (elapsed time  2692.0s, curr speed    0.102 kHz, avg speed    0.100 kHz), accepted   137743/  270001 events (51.02%)
Processed   280000/  348261 entries, 80.40% (elapsed time  2804.2s, curr speed    0.089 kHz, avg speed    0.100 kHz), accepted   142922/  280001 events (51.04%)
Processed   290000/  348261 entries, 83.27% (elapsed time  2919.2s, curr speed    0.087 kHz, avg speed    0.099 kHz), accepted   148077/  290001 events (51.06%)
Processed   300000/  348261 entries, 86.14% (elapsed time  3054.2s, curr speed    0.074 kHz, avg speed    0.098 kHz), accepted   153121/  300001 events (51.04%)
Processed   310000/  348261 entries, 89.01% (elapsed time  3176.8s, curr speed    0.082 kHz, avg speed    0.098 kHz), accepted   158183/  310001 events (51.03%)
Processed   320000/  348261 entries, 91.89% (elapsed time  3293.2s, curr speed    0.086 kHz, avg speed    0.097 kHz), accepted   163296/  320001 events (51.03%)
Processed   330000/  348261 entries, 94.76% (elapsed time  3407.8s, curr speed    0.087 kHz, avg speed    0.097 kHz), accepted   168331/  330001 events (51.01%)
Processed   340000/  348261 entries, 97.63% (elapsed time  3532.0s, curr speed    0.081 kHz, avg speed    0.096 kHz), accepted   173367/  340001 events (50.99%)
File closed successfully
Processed 348261 preselected entries from root://cms-xrd-global.cern.ch//store/mc/RunIISummer20UL18NanoAODv9/DYJetsToLL_1J_TuneCP5_13TeV-amcatnloFXFX-pythia8/NANOAODSIM/106X_upgrade2018_realistic_v16_L1v1-v1/120000/7853B132-1EA8-2042-A9BE-7CAB2F34419C.root (1186225 entries). Finally selected 177657 entries
Done gsidcap://cluster142.knu.ac.kr//pnfs/knu.ac.kr/data/cms/store/user/yeonjoon/outtree/DYJetsToLL_1J_TuneCP5_13TeV-amcatnloFXFX-pythia8/7853B132-1EA8-2042-A9BE-7CAB2F34419C_Skim.root
SkimmerDiLepton module ended successfully
Total time 5287.7 sec. to process 1186225 events. Rate = 224.3 Hz.
RunSkimmerCondor.py DONE
