RunSkimmerLocal.py START
args =  Namespace(dataStream='', era='UL2018', inputNanoAOD='root://cms-xrd-global.cern.ch//store/mc/RunIISummer20UL18NanoAODv9/DYJetsToLL_1J_TuneCP5_13TeV-amcatnloFXFX-pythia8/NANOAODSIM/106X_upgrade2018_realistic_v16_L1v1-v1/70000/CE9D4CCC-EED1-7142-A187-D89E970C8302.root', isMC=1, outDir='gsidcap://cluster142.knu.ac.kr//pnfs/knu.ac.kr/data/cms/store/user/yeonjoon/outtree/DYJetsToLL_1J_TuneCP5_13TeV-amcatnloFXFX-pythia8')
era  =  UL2018
isMC =  1
dataStream =  
NanoAOD =  root://cms-xrd-global.cern.ch//store/mc/RunIISummer20UL18NanoAODv9/DYJetsToLL_1J_TuneCP5_13TeV-amcatnloFXFX-pythia8/NANOAODSIM/106X_upgrade2018_realistic_v16_L1v1-v1/70000/CE9D4CCC-EED1-7142-A187-D89E970C8302.root
isDoubleElecData =  False
isDoubleMuonData =  False
JEC : Summer19UL18_V5_MC	 JER : Summer19UL18_JRV2_MC
MET branch : MET
Loading C++ helper from /u/user/yeonjoon/working_dir/PileUpJetIDSF/CMSSW_10_6_30/src/PUjetID/Skimmer/data/muon/roccor.Run2.v5/RoccoR.cc
Use muon pt with rochester corrections applied. Branch:corrected_pt


Just printout what we will give to the PostProcessor
JSON      :  None
SELECTION :  ((nMuon>=2 && Sum$(Muon_pt>15.)>=1) || (nElectron>=2 && Sum$(Electron_pt>20.)>=1)) && (nJet>=1) && (Alt$(HLT_Mu17_TrkIsoVVL_Mu8_TrkIsoVVL_DZ_Mass3p8,0) || Alt$(HLT_Ele23_Ele12_CaloIdL_TrackIdL_IsoVL,0))
MODULES   :  [<PhysicsTools.NanoAODTools.postprocessing.modules.common.puWeightProducer.puWeightProducer object at 0x2ac79a478bd0>, <PUjetID.Skimmer.MuonRocCorrProducer.MuonRocCorrProducer object at 0x2ac79a492c90>, <PhysicsTools.NanoAODTools.postprocessing.modules.jme.jetmetUncertainties.jetmetUncertaintiesProducer object at 0x2ac79a496410>, <PUjetID.Skimmer.SkimmerDiLepton.SkimmerDiLepton object at 0x2ac7a3daff10>]
Will write selected trees to gsidcap://cluster142.knu.ac.kr//pnfs/knu.ac.kr/data/cms/store/user/yeonjoon/outtree/DYJetsToLL_1J_TuneCP5_13TeV-amcatnloFXFX-pythia8
Loading jet energy scale (JES) uncertainties from file '/tmp/tmpBRMp4E/Summer19UL18_V5_MC_Uncertainty_AK4PFchs.txt'
Loading jet energy resolutions (JER) from file '/tmp/tmpnFbzb3/Summer19UL18_JRV2_MC_PtResolution_AK4PFchs.txt'
Loading JER scale factors and uncertainties from file '/tmp/tmpnFbzb3/Summer19UL18_JRV2_MC_SF_AK4PFchs.txt'
Filename root://cms-xrd-global.cern.ch//store/mc/RunIISummer20UL18NanoAODv9/DYJetsToLL_1J_TuneCP5_13TeV-amcatnloFXFX-pythia8/NANOAODSIM/106X_upgrade2018_realistic_v16_L1v1-v1/70000/CE9D4CCC-EED1-7142-A187-D89E970C8302.root is remote, will do a copy to local path /tmp/CE9D4CCC-EED1-7142-A187-D89E970C8302-f9eaa24a3f878255.root
Time used for transferring the file locally: 250.98 s
Pre-select 519595 entries out of 1770411 (29.35%)
nanoAODv5 or higher: True
Processed    10000/  519595 entries,  1.92% (elapsed time    83.9s, curr speed    0.119 kHz, avg speed    0.119 kHz), accepted     5050/   10001 events (50.49%)
Processed    20000/  519595 entries,  3.85% (elapsed time   133.6s, curr speed    0.201 kHz, avg speed    0.150 kHz), accepted    10066/   20001 events (50.33%)
Processed    30000/  519595 entries,  5.77% (elapsed time   182.1s, curr speed    0.206 kHz, avg speed    0.165 kHz), accepted    15118/   30001 events (50.39%)
Processed    40000/  519595 entries,  7.70% (elapsed time   232.3s, curr speed    0.199 kHz, avg speed    0.172 kHz), accepted    20235/   40001 events (50.59%)
Processed    50000/  519595 entries,  9.62% (elapsed time   283.1s, curr speed    0.197 kHz, avg speed    0.177 kHz), accepted    25266/   50001 events (50.53%)
Processed    60000/  519595 entries, 11.55% (elapsed time   331.0s, curr speed    0.209 kHz, avg speed    0.181 kHz), accepted    30391/   60001 events (50.65%)
Processed    70000/  519595 entries, 13.47% (elapsed time   381.6s, curr speed    0.198 kHz, avg speed    0.183 kHz), accepted    35516/   70001 events (50.74%)
Processed    80000/  519595 entries, 15.40% (elapsed time   431.4s, curr speed    0.201 kHz, avg speed    0.185 kHz), accepted    40687/   80001 events (50.86%)
Processed    90000/  519595 entries, 17.32% (elapsed time   477.2s, curr speed    0.218 kHz, avg speed    0.189 kHz), accepted    45817/   90001 events (50.91%)
Processed   100000/  519595 entries, 19.25% (elapsed time   526.9s, curr speed    0.201 kHz, avg speed    0.190 kHz), accepted    50880/  100001 events (50.88%)
Processed   110000/  519595 entries, 21.17% (elapsed time   577.2s, curr speed    0.199 kHz, avg speed    0.191 kHz), accepted    55901/  110001 events (50.82%)
Processed   120000/  519595 entries, 23.09% (elapsed time   625.0s, curr speed    0.209 kHz, avg speed    0.192 kHz), accepted    61053/  120001 events (50.88%)
Processed   130000/  519595 entries, 25.02% (elapsed time   675.2s, curr speed    0.199 kHz, avg speed    0.193 kHz), accepted    66195/  130001 events (50.92%)
Processed   140000/  519595 entries, 26.94% (elapsed time   722.6s, curr speed    0.211 kHz, avg speed    0.194 kHz), accepted    71215/  140001 events (50.87%)
Processed   150000/  519595 entries, 28.87% (elapsed time   797.9s, curr speed    0.133 kHz, avg speed    0.188 kHz), accepted    76267/  150001 events (50.84%)
Processed   160000/  519595 entries, 30.79% (elapsed time   900.4s, curr speed    0.098 kHz, avg speed    0.178 kHz), accepted    81457/  160001 events (50.91%)
Processed   170000/  519595 entries, 32.72% (elapsed time   988.7s, curr speed    0.113 kHz, avg speed    0.172 kHz), accepted    86519/  170001 events (50.89%)
Processed   180000/  519595 entries, 34.64% (elapsed time  1080.4s, curr speed    0.109 kHz, avg speed    0.167 kHz), accepted    91568/  180001 events (50.87%)
Processed   190000/  519595 entries, 36.57% (elapsed time  1183.8s, curr speed    0.097 kHz, avg speed    0.161 kHz), accepted    96592/  190001 events (50.84%)
Processed   200000/  519595 entries, 38.49% (elapsed time  1253.1s, curr speed    0.144 kHz, avg speed    0.160 kHz), accepted   101724/  200001 events (50.86%)
Processed   210000/  519595 entries, 40.42% (elapsed time  1304.5s, curr speed    0.195 kHz, avg speed    0.161 kHz), accepted   106775/  210001 events (50.84%)
Processed   220000/  519595 entries, 42.34% (elapsed time  1356.3s, curr speed    0.193 kHz, avg speed    0.162 kHz), accepted   111878/  220001 events (50.85%)
Processed   230000/  519595 entries, 44.27% (elapsed time  1405.2s, curr speed    0.204 kHz, avg speed    0.164 kHz), accepted   117022/  230001 events (50.88%)
Processed   240000/  519595 entries, 46.19% (elapsed time  1456.8s, curr speed    0.194 kHz, avg speed    0.165 kHz), accepted   122071/  240001 events (50.86%)
Processed   250000/  519595 entries, 48.11% (elapsed time  1505.2s, curr speed    0.207 kHz, avg speed    0.166 kHz), accepted   127117/  250001 events (50.85%)
Processed   260000/  519595 entries, 50.04% (elapsed time  1559.1s, curr speed    0.186 kHz, avg speed    0.167 kHz), accepted   132210/  260001 events (50.85%)
Processed   270000/  519595 entries, 51.96% (elapsed time  1609.6s, curr speed    0.198 kHz, avg speed    0.168 kHz), accepted   137251/  270001 events (50.83%)
Processed   280000/  519595 entries, 53.89% (elapsed time  1661.1s, curr speed    0.194 kHz, avg speed    0.169 kHz), accepted   142398/  280001 events (50.86%)
Processed   290000/  519595 entries, 55.81% (elapsed time  1712.9s, curr speed    0.193 kHz, avg speed    0.169 kHz), accepted   147465/  290001 events (50.85%)
Processed   300000/  519595 entries, 57.74% (elapsed time  1766.4s, curr speed    0.187 kHz, avg speed    0.170 kHz), accepted   152625/  300001 events (50.87%)
Processed   310000/  519595 entries, 59.66% (elapsed time  1816.0s, curr speed    0.202 kHz, avg speed    0.171 kHz), accepted   157718/  310001 events (50.88%)
Processed   320000/  519595 entries, 61.59% (elapsed time  1869.4s, curr speed    0.187 kHz, avg speed    0.171 kHz), accepted   162773/  320001 events (50.87%)
Processed   330000/  519595 entries, 63.51% (elapsed time  1921.2s, curr speed    0.193 kHz, avg speed    0.172 kHz), accepted   167937/  330001 events (50.89%)
Processed   340000/  519595 entries, 65.44% (elapsed time  1974.2s, curr speed    0.189 kHz, avg speed    0.172 kHz), accepted   173062/  340001 events (50.90%)
Processed   350000/  519595 entries, 67.36% (elapsed time  2078.7s, curr speed    0.096 kHz, avg speed    0.168 kHz), accepted   178255/  350001 events (50.93%)
Processed   360000/  519595 entries, 69.28% (elapsed time  2179.8s, curr speed    0.099 kHz, avg speed    0.165 kHz), accepted   183402/  360001 events (50.94%)
Processed   370000/  519595 entries, 71.21% (elapsed time  2249.6s, curr speed    0.143 kHz, avg speed    0.164 kHz), accepted   188542/  370001 events (50.96%)
Processed   380000/  519595 entries, 73.13% (elapsed time  2342.9s, curr speed    0.107 kHz, avg speed    0.162 kHz), accepted   193673/  380001 events (50.97%)
Processed   390000/  519595 entries, 75.06% (elapsed time  2444.8s, curr speed    0.098 kHz, avg speed    0.160 kHz), accepted   198766/  390001 events (50.97%)
Processed   400000/  519595 entries, 76.98% (elapsed time  2519.5s, curr speed    0.134 kHz, avg speed    0.159 kHz), accepted   203771/  400001 events (50.94%)
Processed   410000/  519595 entries, 78.91% (elapsed time  2570.8s, curr speed    0.195 kHz, avg speed    0.159 kHz), accepted   208957/  410001 events (50.96%)
Processed   420000/  519595 entries, 80.83% (elapsed time  2618.4s, curr speed    0.210 kHz, avg speed    0.160 kHz), accepted   214006/  420001 events (50.95%)
Processed   430000/  519595 entries, 82.76% (elapsed time  2670.3s, curr speed    0.193 kHz, avg speed    0.161 kHz), accepted   219126/  430001 events (50.96%)
Processed   440000/  519595 entries, 84.68% (elapsed time  2721.3s, curr speed    0.196 kHz, avg speed    0.162 kHz), accepted   224231/  440001 events (50.96%)
Processed   450000/  519595 entries, 86.61% (elapsed time  2770.2s, curr speed    0.204 kHz, avg speed    0.162 kHz), accepted   229307/  450001 events (50.96%)
Processed   460000/  519595 entries, 88.53% (elapsed time  2819.2s, curr speed    0.204 kHz, avg speed    0.163 kHz), accepted   234423/  460001 events (50.96%)
Processed   470000/  519595 entries, 90.46% (elapsed time  2869.9s, curr speed    0.197 kHz, avg speed    0.164 kHz), accepted   239560/  470001 events (50.97%)
Processed   480000/  519595 entries, 92.38% (elapsed time  2917.1s, curr speed    0.212 kHz, avg speed    0.165 kHz), accepted   244704/  480001 events (50.98%)
Processed   490000/  519595 entries, 94.30% (elapsed time  2967.1s, curr speed    0.200 kHz, avg speed    0.165 kHz), accepted   249790/  490001 events (50.98%)
Processed   500000/  519595 entries, 96.23% (elapsed time  3014.0s, curr speed    0.213 kHz, avg speed    0.166 kHz), accepted   254832/  500001 events (50.97%)
Processed   510000/  519595 entries, 98.15% (elapsed time  3064.5s, curr speed    0.198 kHz, avg speed    0.166 kHz), accepted   259865/  510001 events (50.95%)
File closed successfully
Processed 519595 preselected entries from root://cms-xrd-global.cern.ch//store/mc/RunIISummer20UL18NanoAODv9/DYJetsToLL_1J_TuneCP5_13TeV-amcatnloFXFX-pythia8/NANOAODSIM/106X_upgrade2018_realistic_v16_L1v1-v1/70000/CE9D4CCC-EED1-7142-A187-D89E970C8302.root (1770411 entries). Finally selected 264730 entries
Done gsidcap://cluster142.knu.ac.kr//pnfs/knu.ac.kr/data/cms/store/user/yeonjoon/outtree/DYJetsToLL_1J_TuneCP5_13TeV-amcatnloFXFX-pythia8/CE9D4CCC-EED1-7142-A187-D89E970C8302_Skim.root
SkimmerDiLepton module ended successfully
Total time 3572.6 sec. to process 1770411 events. Rate = 495.6 Hz.
RunSkimmerCondor.py DONE
