RunSkimmerLocal.py START
args =  Namespace(dataStream='', era='UL2018', inputNanoAOD='root://cms-xrd-global.cern.ch//store/mc/RunIISummer20UL18NanoAODv9/DYJetsToLL_1J_TuneCP5_13TeV-amcatnloFXFX-pythia8/NANOAODSIM/106X_upgrade2018_realistic_v16_L1v1-v1/130000/9CCED9E5-9583-9042-9CF5-EDEB2039C4BE.root', isMC=1, outDir='gsidcap://cluster142.knu.ac.kr//pnfs/knu.ac.kr/data/cms/store/user/yeonjoon/outtree/DYJetsToLL_1J_TuneCP5_13TeV-amcatnloFXFX-pythia8')
era  =  UL2018
isMC =  1
dataStream =  
NanoAOD =  root://cms-xrd-global.cern.ch//store/mc/RunIISummer20UL18NanoAODv9/DYJetsToLL_1J_TuneCP5_13TeV-amcatnloFXFX-pythia8/NANOAODSIM/106X_upgrade2018_realistic_v16_L1v1-v1/130000/9CCED9E5-9583-9042-9CF5-EDEB2039C4BE.root
isDoubleElecData =  False
isDoubleMuonData =  False
JEC : Summer19UL18_V5_MC	 JER : Summer19UL18_JRV2_MC
MET branch : MET
Loading C++ helper from /u/user/yeonjoon/working_dir/PileUpJetIDSF/CMSSW_10_6_30/src/PUjetID/Skimmer/data/muon/roccor.Run2.v5/RoccoR.cc
Use muon pt with rochester corrections applied. Branch:corrected_pt


Just printout what we will give to the PostProcessor
JSON      :  None
SELECTION :  ((nMuon>=2 && Sum$(Muon_pt>15.)>=1) || (nElectron>=2 && Sum$(Electron_pt>20.)>=1)) && (nJet>=1) && (Alt$(HLT_Mu17_TrkIsoVVL_Mu8_TrkIsoVVL_DZ_Mass3p8,0) || Alt$(HLT_Ele23_Ele12_CaloIdL_TrackIdL_IsoVL,0))
MODULES   :  [<PhysicsTools.NanoAODTools.postprocessing.modules.common.puWeightProducer.puWeightProducer object at 0x2b1609e21c90>, <PUjetID.Skimmer.MuonRocCorrProducer.MuonRocCorrProducer object at 0x2b1609e3bd50>, <PhysicsTools.NanoAODTools.postprocessing.modules.jme.jetmetUncertainties.jetmetUncertaintiesProducer object at 0x2b1609e3f4d0>, <PUjetID.Skimmer.SkimmerDiLepton.SkimmerDiLepton object at 0x2b1613735fd0>]
Will write selected trees to gsidcap://cluster142.knu.ac.kr//pnfs/knu.ac.kr/data/cms/store/user/yeonjoon/outtree/DYJetsToLL_1J_TuneCP5_13TeV-amcatnloFXFX-pythia8
Loading jet energy scale (JES) uncertainties from file '/tmp/tmpvdz2oI/Summer19UL18_V5_MC_Uncertainty_AK4PFchs.txt'
Loading jet energy resolutions (JER) from file '/tmp/tmpMwNlcv/Summer19UL18_JRV2_MC_PtResolution_AK4PFchs.txt'
Loading JER scale factors and uncertainties from file '/tmp/tmpMwNlcv/Summer19UL18_JRV2_MC_SF_AK4PFchs.txt'
Filename root://cms-xrd-global.cern.ch//store/mc/RunIISummer20UL18NanoAODv9/DYJetsToLL_1J_TuneCP5_13TeV-amcatnloFXFX-pythia8/NANOAODSIM/106X_upgrade2018_realistic_v16_L1v1-v1/130000/9CCED9E5-9583-9042-9CF5-EDEB2039C4BE.root is remote, will do a copy to local path /tmp/9CCED9E5-9583-9042-9CF5-EDEB2039C4BE-67c364d283b2d52.root
Time used for transferring the file locally: 1956.13 s
Pre-select 351087 entries out of 1197691 (29.31%)
nanoAODv5 or higher: True
Processed    10000/  351087 entries,  2.85% (elapsed time    81.2s, curr speed    0.123 kHz, avg speed    0.123 kHz), accepted     5019/   10001 events (50.18%)
Processed    20000/  351087 entries,  5.70% (elapsed time   170.9s, curr speed    0.112 kHz, avg speed    0.117 kHz), accepted    10146/   20001 events (50.73%)
Processed    30000/  351087 entries,  8.54% (elapsed time   259.6s, curr speed    0.113 kHz, avg speed    0.116 kHz), accepted    15225/   30001 events (50.75%)
Processed    40000/  351087 entries, 11.39% (elapsed time   374.2s, curr speed    0.087 kHz, avg speed    0.107 kHz), accepted    20329/   40001 events (50.82%)
Processed    50000/  351087 entries, 14.24% (elapsed time   506.2s, curr speed    0.076 kHz, avg speed    0.099 kHz), accepted    25398/   50001 events (50.79%)
Processed    60000/  351087 entries, 17.09% (elapsed time   612.2s, curr speed    0.094 kHz, avg speed    0.098 kHz), accepted    30497/   60001 events (50.83%)
Processed    70000/  351087 entries, 19.94% (elapsed time   753.9s, curr speed    0.071 kHz, avg speed    0.093 kHz), accepted    35648/   70001 events (50.92%)
Processed    80000/  351087 entries, 22.79% (elapsed time   863.7s, curr speed    0.091 kHz, avg speed    0.093 kHz), accepted    40739/   80001 events (50.92%)
Processed    90000/  351087 entries, 25.63% (elapsed time   961.5s, curr speed    0.102 kHz, avg speed    0.094 kHz), accepted    45820/   90001 events (50.91%)
Processed   100000/  351087 entries, 28.48% (elapsed time  1060.2s, curr speed    0.101 kHz, avg speed    0.094 kHz), accepted    50879/  100001 events (50.88%)
Processed   110000/  351087 entries, 31.33% (elapsed time  1153.4s, curr speed    0.107 kHz, avg speed    0.095 kHz), accepted    56041/  110001 events (50.95%)
Processed   120000/  351087 entries, 34.18% (elapsed time  1240.6s, curr speed    0.115 kHz, avg speed    0.097 kHz), accepted    61098/  120001 events (50.91%)
Processed   130000/  351087 entries, 37.03% (elapsed time  1335.9s, curr speed    0.105 kHz, avg speed    0.097 kHz), accepted    66202/  130001 events (50.92%)
Processed   140000/  351087 entries, 39.88% (elapsed time  1428.4s, curr speed    0.108 kHz, avg speed    0.098 kHz), accepted    71290/  140001 events (50.92%)
Processed   150000/  351087 entries, 42.72% (elapsed time  1529.7s, curr speed    0.099 kHz, avg speed    0.098 kHz), accepted    76389/  150001 events (50.93%)
Processed   160000/  351087 entries, 45.57% (elapsed time  1665.9s, curr speed    0.073 kHz, avg speed    0.096 kHz), accepted    81466/  160001 events (50.92%)
Processed   170000/  351087 entries, 48.42% (elapsed time  1778.3s, curr speed    0.089 kHz, avg speed    0.096 kHz), accepted    86433/  170001 events (50.84%)
Processed   180000/  351087 entries, 51.27% (elapsed time  1905.5s, curr speed    0.079 kHz, avg speed    0.094 kHz), accepted    91546/  180001 events (50.86%)
Processed   190000/  351087 entries, 54.12% (elapsed time  2034.1s, curr speed    0.078 kHz, avg speed    0.093 kHz), accepted    96702/  190001 events (50.90%)
Processed   200000/  351087 entries, 56.97% (elapsed time  2125.8s, curr speed    0.109 kHz, avg speed    0.094 kHz), accepted   101792/  200001 events (50.90%)
Processed   210000/  351087 entries, 59.81% (elapsed time  2230.1s, curr speed    0.096 kHz, avg speed    0.094 kHz), accepted   106845/  210001 events (50.88%)
Processed   220000/  351087 entries, 62.66% (elapsed time  2345.0s, curr speed    0.087 kHz, avg speed    0.094 kHz), accepted   111934/  220001 events (50.88%)
Processed   230000/  351087 entries, 65.51% (elapsed time  2466.5s, curr speed    0.082 kHz, avg speed    0.093 kHz), accepted   117054/  230001 events (50.89%)
Processed   240000/  351087 entries, 68.36% (elapsed time  2605.9s, curr speed    0.072 kHz, avg speed    0.092 kHz), accepted   122115/  240001 events (50.88%)
Processed   250000/  351087 entries, 71.21% (elapsed time  2725.2s, curr speed    0.084 kHz, avg speed    0.092 kHz), accepted   127162/  250001 events (50.86%)
Processed   260000/  351087 entries, 74.06% (elapsed time  2851.1s, curr speed    0.079 kHz, avg speed    0.091 kHz), accepted   132200/  260001 events (50.85%)
Processed   270000/  351087 entries, 76.90% (elapsed time  2974.7s, curr speed    0.081 kHz, avg speed    0.091 kHz), accepted   137355/  270001 events (50.87%)
Processed   280000/  351087 entries, 79.75% (elapsed time  3104.5s, curr speed    0.077 kHz, avg speed    0.090 kHz), accepted   142332/  280001 events (50.83%)
Processed   290000/  351087 entries, 82.60% (elapsed time  3224.5s, curr speed    0.083 kHz, avg speed    0.090 kHz), accepted   147392/  290001 events (50.82%)
Processed   300000/  351087 entries, 85.45% (elapsed time  3337.5s, curr speed    0.089 kHz, avg speed    0.090 kHz), accepted   152455/  300001 events (50.82%)
Processed   310000/  351087 entries, 88.30% (elapsed time  3431.6s, curr speed    0.106 kHz, avg speed    0.090 kHz), accepted   157597/  310001 events (50.84%)
Processed   320000/  351087 entries, 91.15% (elapsed time  3522.9s, curr speed    0.110 kHz, avg speed    0.091 kHz), accepted   162699/  320001 events (50.84%)
Processed   330000/  351087 entries, 93.99% (elapsed time  3606.5s, curr speed    0.120 kHz, avg speed    0.092 kHz), accepted   167822/  330001 events (50.85%)
Processed   340000/  351087 entries, 96.84% (elapsed time  3696.6s, curr speed    0.111 kHz, avg speed    0.092 kHz), accepted   172947/  340001 events (50.87%)
Processed   350000/  351087 entries, 99.69% (elapsed time  3789.8s, curr speed    0.107 kHz, avg speed    0.092 kHz), accepted   177969/  350001 events (50.85%)
File closed successfully
Processed 351087 preselected entries from root://cms-xrd-global.cern.ch//store/mc/RunIISummer20UL18NanoAODv9/DYJetsToLL_1J_TuneCP5_13TeV-amcatnloFXFX-pythia8/NANOAODSIM/106X_upgrade2018_realistic_v16_L1v1-v1/130000/9CCED9E5-9583-9042-9CF5-EDEB2039C4BE.root (1197691 entries). Finally selected 178515 entries
Done gsidcap://cluster142.knu.ac.kr//pnfs/knu.ac.kr/data/cms/store/user/yeonjoon/outtree/DYJetsToLL_1J_TuneCP5_13TeV-amcatnloFXFX-pythia8/9CCED9E5-9583-9042-9CF5-EDEB2039C4BE_Skim.root
SkimmerDiLepton module ended successfully
Total time 5900.2 sec. to process 1197691 events. Rate = 203.0 Hz.
RunSkimmerCondor.py DONE
